Name: CCTV7国防军事, URL: http://dsj.jshfgy.cn:8880/mgtv/673168121.m3u8, IPv_Type: ipv6, Location: 美国, ISP: CloudFlare Inc., Date: None, Delay: -1 ms, Speed: 0.00 M/s, Resolution: None
Name: CCTV7国防军事, URL: http://datastation.lulucloud.de:35455/mgtv/673168121.m3u8, IPv_Type: ipv6, Location: 中国, ISP: 中国移动, Date: None, Delay: -1 ms, Speed: 0.00 M/s, Resolution: None
Name: CGTN外语纪录, URL: http://dsj.jshfgy.cn:8880/mgtv/609006487.m3u8, IPv_Type: ipv6, Location: 美国, ISP: CloudFlare Inc., Date: None, Delay: -1 ms, Speed: 0.00 M/s, Resolution: None
Name: CGTN外语纪录, URL: http://datastation.lulucloud.de:35455/mgtv/609006487.m3u8, IPv_Type: ipv6, Location: 中国, ISP: 中国移动, Date: None, Delay: -1 ms, Speed: 0.00 M/s, Resolution: None
Name: CGTN阿拉伯语, URL: http://dsj.jshfgy.cn:8880/mgtv/609154345.m3u8, IPv_Type: ipv6, Location: 美国, ISP: CloudFlare Inc., Date: None, Delay: -1 ms, Speed: 0.00 M/s, Resolution: None
Name: CGTN阿拉伯语, URL: http://datastation.lulucloud.de:35455/mgtv/609154345.m3u8, IPv_Type: ipv6, Location: 中国, ISP: 中国移动, Date: None, Delay: -1 ms, Speed: 0.00 M/s, Resolution: None
Name: CGTN西班牙语, URL: http://dsj.jshfgy.cn:8880/mgtv/609006450.m3u8, IPv_Type: ipv6, Location: 美国, ISP: CloudFlare Inc., Date: None, Delay: -1 ms, Speed: 0.00 M/s, Resolution: None
Name: CGTN西班牙语, URL: http://datastation.lulucloud.de:35455/mgtv/609006450.m3u8, IPv_Type: ipv6, Location: 中国, ISP: 中国移动, Date: None, Delay: -1 ms, Speed: 0.00 M/s, Resolution: None
Name: CGTN法语, URL: https://0472.org/hls/cgtnf.m3u8, IPv_Type: ipv6, Location: 美国, ISP: CloudFlare Inc., Date: None, Delay: -1 ms, Speed: 0.00 M/s, Resolution: None
Name: CGTN法语, URL: http://dsj.jshfgy.cn:8880/mgtv/609006476.m3u8, IPv_Type: ipv6, Location: 美国, ISP: CloudFlare Inc., Date: None, Delay: -1 ms, Speed: 0.00 M/s, Resolution: None
Name: CGTN法语, URL: http://datastation.lulucloud.de:35455/mgtv/609006476.m3u8, IPv_Type: ipv6, Location: 中国, ISP: 中国移动, Date: None, Delay: -1 ms, Speed: 0.00 M/s, Resolution: None
Name: CGTN俄语, URL: https://0472.org/hls/cgtne.m3u8, IPv_Type: ipv6, Location: 美国, ISP: CloudFlare Inc., Date: None, Delay: -1 ms, Speed: 0.00 M/s, Resolution: None
Name: CGTN俄语, URL: http://dsj.jshfgy.cn:8880/mgtv/609006446.m3u8, IPv_Type: ipv6, Location: 美国, ISP: CloudFlare Inc., Date: None, Delay: -1 ms, Speed: 0.00 M/s, Resolution: None
Name: CGTN俄语, URL: http://datastation.lulucloud.de:35455/mgtv/609006446.m3u8, IPv_Type: ipv6, Location: 中国, ISP: 中国移动, Date: None, Delay: -1 ms, Speed: 0.00 M/s, Resolution: None
Name: CGTN俄语, URL: http://russian-livews.cgtn.com/hls/LSvexABhNipibK5KRuUkvHZ7220802LSTeze9o8tdFXMHsb1VosgoT220802cd.m3u8, IPv_Type: ipv4, Location: 美国-加利福尼亚州-圣克拉拉, ISP: AMD公司, Date: None, Delay: 1993 ms, Speed: 3.03 M/s, Resolution: 1920x1080
Name: CGTN, URL: https://0472.org/hls/cgtn.m3u8, IPv_Type: ipv6, Location: 美国, ISP: CloudFlare Inc., Date: None, Delay: -1 ms, Speed: 0.00 M/s, Resolution: None
Name: CGTN, URL: https://news.cgtn.com/resource/live/english/cgtn-news.m3u8, IPv_Type: ipv6, Location: 新加坡, ISP: Aceville Pte.Ltd., Date: None, Delay: -1 ms, Speed: 0.00 M/s, Resolution: None
Name: CGTN, URL: http://dsj.jshfgy.cn:8880/mgtv/609017205.m3u8, IPv_Type: ipv6, Location: 美国, ISP: CloudFlare Inc., Date: None, Delay: -1 ms, Speed: 0.00 M/s, Resolution: None
Name: CGTN, URL: http://datastation.lulucloud.de:35455/mgtv/609017205.m3u8, IPv_Type: ipv6, Location: 中国, ISP: 中国移动, Date: None, Delay: -1 ms, Speed: 0.00 M/s, Resolution: None
Name: 东方卫视, URL: http://php.jdshipin.com/TVOD/hnyd.php?id=200000001898/460000089800010054, IPv_Type: ipv6, Location: 美国, ISP: CloudFlare Inc., Date: None, Delay: -1 ms, Speed: 0.00 M/s, Resolution: None
Name: 东方卫视, URL: http://z.b.bkpcp.top/m.php?id=dfws#rtsp://115.85.232.19/PLTV/88888910/224/3221225531/10000100000000060000000000107311_0.smil, IPv_Type: ipv6, Location: 美国, ISP: CloudFlare Inc., Date: None, Delay: -1 ms, Speed: 0.00 M/s, Resolution: None
Name: 东方卫视, URL: http://goo.bkpcp.top/mg/dfws, IPv_Type: ipv6, Location: 美国, ISP: CloudFlare Inc., Date: None, Delay: -1 ms, Speed: 0.00 M/s, Resolution: None
Name: 东方卫视, URL: http://[2409:8087:74f0:22::5]:6410/270000001128/9900000518/index.m3u8, IPv_Type: ipv6, Location: 中国, ISP: 中国移动, Date: None, Delay: -1 ms, Speed: 0.00 M/s, Resolution: None
Name: 东方卫视, URL: http://[2409:8087:1a01:df::4077]/ottrrs.hl.chinamobile.com/PLTV/88888888/224/3221226345/index.m3u8, IPv_Type: ipv6, Location: 中国, ISP: 中国移动, Date: None, Delay: -1 ms, Speed: 0.00 M/s, Resolution: None
Name: 东方卫视, URL: http://[2409:8087:1a01:df::7005]/ottrrs.hl.chinamobile.com/PLTV/88888888/224/3221226345/index.m3u8, IPv_Type: ipv6, Location: 中国, ISP: 中国移动, Date: None, Delay: -1 ms, Speed: 0.00 M/s, Resolution: None
Name: 东方卫视, URL: http://[2409:8087:1a01:df::7005]:80/ottrrs.hl.chinamobile.com/PLTV/88888888/224/3221226345/index.m3u8, IPv_Type: ipv6, Location: 中国, ISP: 中国移动, Date: None, Delay: -1 ms, Speed: 0.00 M/s, Resolution: None
Name: 东方卫视, URL: http://[2409:8087:5e00:24::1e]:6060/200000001898/460000089800010054/1.m3u8, IPv_Type: ipv6, Location: 中国, ISP: 中国移动, Date: None, Delay: -1 ms, Speed: 0.00 M/s, Resolution: None
Name: 东方卫视, URL: http://[2409:8087:8:21::18]:6610/otttv.bj.chinamobile.com/PLTV/88888888/224/3221226898/1.m3u8?GuardEncType=2&accountinfo=%7E%7EV2.0%7E0uh4lyjjBCCN7TCq21vSIQ%7EtP4-l0lmSfjwLWEfK_el1vH_mv-s1zo4AQJwdedaVwG9xkuFTDg8J26cwOrNJzn20BErrHdLhuZ9EzLUCD3PMW-OMx4MGteHV2vLeW6BqoY%2CEND, IPv_Type: ipv6, Location: 中国, ISP: 中国移动, Date: None, Delay: -1 ms, Speed: 0.00 M/s, Resolution: None
Name: 东方卫视, URL: http://iptv.huuc.edu.cn/hls/dfhd.m3u8, IPv_Type: ipv6, Location: 中国, ISP: 教育网, Date: None, Delay: -1 ms, Speed: 0.00 M/s, Resolution: None
Name: 东方卫视, URL: http://dsj.jshfgy.cn:8880/mgtv/651632648.m3u8, IPv_Type: ipv6, Location: 美国, ISP: CloudFlare Inc., Date: None, Delay: -1 ms, Speed: 0.00 M/s, Resolution: None
Name: 东方卫视, URL: http://dsj.motem.top:8880/bptv/10000100000000050000000003873462.m3u8, IPv_Type: ipv6, Location: 美国, ISP: CloudFlare Inc., Date: None, Delay: -1 ms, Speed: 0.00 M/s, Resolution: None
Name: 东方卫视, URL: http://lu.wqwqwq.sbs/itv/1000000005000265018.m3u8?cdn=ystenlive, IPv_Type: ipv6, Location: 美国, ISP: CloudFlare Inc., Date: None, Delay: -1 ms, Speed: 0.00 M/s, Resolution: None
Name: 东方卫视, URL: http://datastation.lulucloud.de:35455/mgtv/651632648.m3u8, IPv_Type: ipv6, Location: 中国, ISP: 中国移动, Date: None, Delay: -1 ms, Speed: 0.00 M/s, Resolution: None
Name: 东方卫视, URL: http://drive.mxmy.net:8888/udp/239.3.1.136:8032, IPv_Type: ipv4, Location: 中国-北京-北京, ISP: 联通, Date: None, Delay: 486 ms, Speed: 0.65 M/s, Resolution: 1920x1080
Name: 江苏卫视, URL: http://php.jdshipin.com/TVOD/hnyd.php?id=200000001898/460000089800010059, IPv_Type: ipv6, Location: 美国, ISP: CloudFlare Inc., Date: None, Delay: -1 ms, Speed: 0.00 M/s, Resolution: None
Name: 江苏卫视, URL: http://z.b.bkpcp.top/m.php?id=jsws, IPv_Type: ipv6, Location: 美国, ISP: CloudFlare Inc., Date: None, Delay: -1 ms, Speed: 0.00 M/s, Resolution: None
Name: 江苏卫视, URL: http://goo.bkpcp.top/mg/jsws, IPv_Type: ipv6, Location: 美国, ISP: CloudFlare Inc., Date: None, Delay: -1 ms, Speed: 0.00 M/s, Resolution: None
Name: 江苏卫视, URL: http://[2409:8087:74f0:22::6]:6410/270000001128/9900000524/index.m3u8, IPv_Type: ipv6, Location: 中国, ISP: 中国移动, Date: None, Delay: -1 ms, Speed: 0.00 M/s, Resolution: None
Name: 江苏卫视, URL: http://[2409:8087:1a01:df::4077]/ottrrs.hl.chinamobile.com/PLTV/88888888/224/3221226310/index.m3u8, IPv_Type: ipv6, Location: 中国, ISP: 中国移动, Date: None, Delay: -1 ms, Speed: 0.00 M/s, Resolution: None
Name: 江苏卫视, URL: http://[2409:8087:1a01:df::7005]/ottrrs.hl.chinamobile.com/PLTV/88888888/224/3221226310/index.m3u8, IPv_Type: ipv6, Location: 中国, ISP: 中国移动, Date: None, Delay: -1 ms, Speed: 0.00 M/s, Resolution: None
Name: 江苏卫视, URL: http://[2409:8087:1a01:df::7005]:80/ottrrs.hl.chinamobile.com/PLTV/88888888/224/3221226310/index.m3u8, IPv_Type: ipv6, Location: 中国, ISP: 中国移动, Date: None, Delay: -1 ms, Speed: 0.00 M/s, Resolution: None
Name: 江苏卫视, URL: http://[2409:8087:5e00:24::1e]:6060/200000001898/460000089800010059/1.m3u8, IPv_Type: ipv6, Location: 中国, ISP: 中国移动, Date: None, Delay: -1 ms, Speed: 0.00 M/s, Resolution: None
Name: 江苏卫视, URL: http://[2409:8087:8:21::18]:6610/otttv.bj.chinamobile.com/PLTV/88888888/224/3221226897/1.m3u8?GuardEncType=2&accountinfo=%7E%7EV2.0%7E0BmO6uHF7WFoTed__Xr3NQ%7EtP4-l0lmSfjwLWEfK_el1vH_mv-s1zo4AQJwdedaVwG9xkuFTDg8J26cwOrNJzn20BErrHdLhuZ9EzLUCD3PMW-OMx4MGteHV2vLeW6BqoY%2CEND, IPv_Type: ipv6, Location: 中国, ISP: 中国移动, Date: None, Delay: -1 ms, Speed: 0.00 M/s, Resolution: None
Name: 江苏卫视, URL: http://iptv.huuc.edu.cn/hls/jshd.m3u8, IPv_Type: ipv6, Location: 中国, ISP: 教育网, Date: None, Delay: -1 ms, Speed: 0.00 M/s, Resolution: None
Name: 江苏卫视, URL: http://dsj.jshfgy.cn:8880/mgtv/623899368.m3u8, IPv_Type: ipv6, Location: 美国, ISP: CloudFlare Inc., Date: None, Delay: -1 ms, Speed: 0.00 M/s, Resolution: None
Name: 江苏卫视, URL: http://dsj.motem.top:8880/bptv/10000100000000050000000003873461.m3u8, IPv_Type: ipv6, Location: 美国, ISP: CloudFlare Inc., Date: None, Delay: -1 ms, Speed: 0.00 M/s, Resolution: None
Name: 江苏卫视, URL: http://datastation.lulucloud.de:35455/mgtv/623899368.m3u8, IPv_Type: ipv6, Location: 中国, ISP: 中国移动, Date: None, Delay: -1 ms, Speed: 0.00 M/s, Resolution: None
Name: 广东卫视, URL: http://php.jdshipin.com:8880/TVOD/gsyd.php?id=9900000520, IPv_Type: ipv6, Location: 美国, ISP: CloudFlare Inc., Date: None, Delay: -1 ms, Speed: 0.00 M/s, Resolution: None
Name: 广东卫视, URL: http://z.b.bkpcp.top/m.php?id=gdws, IPv_Type: ipv6, Location: 美国, ISP: CloudFlare Inc., Date: None, Delay: -1 ms, Speed: 0.00 M/s, Resolution: None
Name: 广东卫视, URL: http://j.x.bkpcp.top/jx/GUANGDHD, IPv_Type: ipv6, Location: 美国, ISP: CloudFlare Inc., Date: None, Delay: -1 ms, Speed: 0.00 M/s, Resolution: None
Name: 广东卫视, URL: http://goo.bkpcp.top/mg/gdws, IPv_Type: ipv6, Location: 美国, ISP: CloudFlare Inc., Date: None, Delay: -1 ms, Speed: 0.00 M/s, Resolution: None
Name: 广东卫视, URL: http://[2409:8087:74f0:22::6]:6410/270000001128/9900000520/index.m3u8, IPv_Type: ipv6, Location: 中国, ISP: 中国移动, Date: None, Delay: -1 ms, Speed: 0.00 M/s, Resolution: None
Name: 广东卫视, URL: http://[2409:8087:1a01:df::4077]/ottrrs.hl.chinamobile.com/PLTV/88888888/224/3221226248/index.m3u8, IPv_Type: ipv6, Location: 中国, ISP: 中国移动, Date: None, Delay: -1 ms, Speed: 0.00 M/s, Resolution: None
Name: 广东卫视, URL: http://[2409:8087:1a01:df::7005]/ottrrs.hl.chinamobile.com/PLTV/88888888/224/3221226248/index.m3u8, IPv_Type: ipv6, Location: 中国, ISP: 中国移动, Date: None, Delay: -1 ms, Speed: 0.00 M/s, Resolution: None
Name: 广东卫视, URL: http://[2409:8087:1a01:df::7005]:80/ottrrs.hl.chinamobile.com/PLTV/88888888/224/3221226248/index.m3u8, IPv_Type: ipv6, Location: 中国, ISP: 中国移动, Date: None, Delay: -1 ms, Speed: 0.00 M/s, Resolution: None
Name: 广东卫视, URL: http://[2409:8087:5e00:24::1e]:6060/200000001898/460000089800010055/1.m3u8, IPv_Type: ipv6, Location: 中国, ISP: 中国移动, Date: None, Delay: -1 ms, Speed: 0.00 M/s, Resolution: None
Name: 广东卫视, URL: http://[2409:8087:8:21::18]:6610/otttv.bj.chinamobile.com/PLTV/88888888/224/3221226961/1.m3u8?GuardEncType=2&accountinfo=%7E%7EV2.0%7E2MGyx659D_aaDPP0qt3NgA%7EtP4-l0lmSfjwLWEfK_el1vH_mv-s1zo4AQJwdedaVwG9xkuFTDg8J26cwOrNJzn20BErrHdLhuZ9EzLUCD3PMW-OMx4MGteHV2vLeW6BqoY%2CEND, IPv_Type: ipv6, Location: 中国, ISP: 中国移动, Date: None, Delay: -1 ms, Speed: 0.00 M/s, Resolution: None
Name: 广东卫视, URL: http://dsj.jshfgy.cn:8880/mgtv/608831231.m3u8, IPv_Type: ipv6, Location: 美国, ISP: CloudFlare Inc., Date: None, Delay: -1 ms, Speed: 0.00 M/s, Resolution: None
Name: 广东卫视, URL: http://dsj.motem.top:8880/bptv/10000100000000050000000003873459.m3u8, IPv_Type: ipv6, Location: 美国, ISP: CloudFlare Inc., Date: None, Delay: -1 ms, Speed: 0.00 M/s, Resolution: None
Name: 广东卫视, URL: http://datastation.lulucloud.de:35455/mgtv/608831231.m3u8, IPv_Type: ipv6, Location: 中国, ISP: 中国移动, Date: None, Delay: -1 ms, Speed: 0.00 M/s, Resolution: None
Name: 广东卫视, URL: http://drive.mxmy.net:8888/udp/239.3.1.142:8048, IPv_Type: ipv4, Location: 中国-北京-北京, ISP: 联通, Date: None, Delay: 482 ms, Speed: 0.51 M/s, Resolution: 1920x1080
Name: 江西卫视, URL: http://php.jdshipin.com/TVOD/hnyd.php?id=200000001898/460000089800010060, IPv_Type: ipv6, Location: 美国, ISP: CloudFlare Inc., Date: None, Delay: -1 ms, Speed: 0.00 M/s, Resolution: None
Name: 江西卫视, URL: http://z.b.bkpcp.top/m.php?id=jxws, IPv_Type: ipv6, Location: 美国, ISP: CloudFlare Inc., Date: None, Delay: -1 ms, Speed: 0.00 M/s, Resolution: None
Name: 江西卫视, URL: http://goo.bkpcp.top/mg/jxws, IPv_Type: ipv6, Location: 美国, ISP: CloudFlare Inc., Date: None, Delay: -1 ms, Speed: 0.00 M/s, Resolution: None
Name: 江西卫视, URL: http://[2409:8087:74f0:22::4]:6610/270000001128/9900000525/index.m3u8, IPv_Type: ipv6, Location: 中国, ISP: 中国移动, Date: None, Delay: -1 ms, Speed: 0.00 M/s, Resolution: None
Name: 江西卫视, URL: http://[2409:8087:1a01:df::4077]/ottrrs.hl.chinamobile.com/PLTV/88888888/224/3221226344/index.m3u8, IPv_Type: ipv6, Location: 中国, ISP: 中国移动, Date: None, Delay: -1 ms, Speed: 0.00 M/s, Resolution: None
Name: 江西卫视, URL: http://[2409:8087:1a01:df::7005]/ottrrs.hl.chinamobile.com/PLTV/88888888/224/3221226344/index.m3u8, IPv_Type: ipv6, Location: 中国, ISP: 中国移动, Date: None, Delay: -1 ms, Speed: 0.00 M/s, Resolution: None
Name: 江西卫视, URL: http://[2409:8087:5e00:24::1e]:6060/200000001898/460000089800010060/1.m3u8, IPv_Type: ipv6, Location: 中国, ISP: 中国移动, Date: None, Delay: -1 ms, Speed: 0.00 M/s, Resolution: None
Name: 江西卫视, URL: http://[2409:8087:8:21::18]:6610/otttv.bj.chinamobile.com/PLTV/88888888/224/3221226956/1.m3u8?GuardEncType=2&accountinfo=%7E%7EV2.0%7Ei6ZIpVizXlewg-YfGvH8dA%7EtP4-l0lmSfjwLWEfK_el1vH_mv-s1zo4AQJwdedaVwG9xkuFTDg8J26cwOrNJzn20BErrHdLhuZ9EzLUCD3PMW-OMx4MGteHV2vLeW6BqoY%2CEND, IPv_Type: ipv6, Location: 中国, ISP: 中国移动, Date: None, Delay: -1 ms, Speed: 0.00 M/s, Resolution: None
Name: 江西卫视, URL: http://iptv.huuc.edu.cn/hls/jxhd.m3u8, IPv_Type: ipv6, Location: 中国, ISP: 教育网, Date: None, Delay: -1 ms, Speed: 0.00 M/s, Resolution: None
Name: 江西卫视, URL: http://[2409:8087:1a01:df::4027]:80/TVOD/88888888/224/3221225935/main.m3u8, IPv_Type: ipv6, Location: 中国, ISP: 中国移动, Date: None, Delay: -1 ms, Speed: 0.00 M/s, Resolution: None
Name: 江西卫视, URL: http://dsj.jshfgy.cn:8880/mgtv/783847495.m3u8, IPv_Type: ipv6, Location: 美国, ISP: CloudFlare Inc., Date: None, Delay: -1 ms, Speed: 0.00 M/s, Resolution: None
Name: 江西卫视, URL: http://dsj.motem.top:8880/bptv/10000100000000050000000004796511.m3u8, IPv_Type: ipv6, Location: 美国, ISP: CloudFlare Inc., Date: None, Delay: -1 ms, Speed: 0.00 M/s, Resolution: None
Name: 江西卫视, URL: http://datastation.lulucloud.de:35455/mgtv/783847495.m3u8, IPv_Type: ipv6, Location: 中国, ISP: 中国移动, Date: None, Delay: -1 ms, Speed: 0.00 M/s, Resolution: None
Name: 江西卫视, URL: http://lu.wqwqwq.sbs/itv/1000000005000265032.m3u8?cdn=ystenlive, IPv_Type: ipv6, Location: 美国, ISP: CloudFlare Inc., Date: None, Delay: -1 ms, Speed: 0.00 M/s, Resolution: None
Name: 江西卫视, URL: http://[2409:8087:1a01:df::7005]:80/ottrrs.hl.chinamobile.com/PLTV/88888888/224/3221226344/index.m3u8, IPv_Type: ipv6, Location: 中国, ISP: 中国移动, Date: None, Delay: -1 ms, Speed: 0.00 M/s, Resolution: None
Name: 江西卫视, URL: http://satellitepull.cnr.cn/live/wx32jiangxws/playlist.m3u8, IPv_Type: ipv4, Location: 美国-德克萨斯州-达拉斯, ISP: 网宿科技CDN节点, Date: None, Delay: 10 ms, Speed: 10.40 M/s, Resolution: None
Name: 河南卫视, URL: http://tvpull.dxhmt.cn:9081/tv/11425-1.m3u8, IPv_Type: ipv6, Location: 加拿大, ISP: , Date: None, Delay: -1 ms, Speed: 0.00 M/s, Resolution: None
Name: 河南卫视, URL: http://php.jdshipin.com/TVOD/hljyd.php?id=3221226480, IPv_Type: ipv6, Location: 美国, ISP: CloudFlare Inc., Date: None, Delay: -1 ms, Speed: 0.00 M/s, Resolution: None
Name: 河南卫视, URL: http://z.b.bkpcp.top/m.php?id=hnws, IPv_Type: ipv6, Location: 美国, ISP: CloudFlare Inc., Date: None, Delay: -1 ms, Speed: 0.00 M/s, Resolution: None
Name: 河南卫视, URL: http://j.x.bkpcp.top/jx/HENHD, IPv_Type: ipv6, Location: 美国, ISP: CloudFlare Inc., Date: None, Delay: -1 ms, Speed: 0.00 M/s, Resolution: None
Name: 河南卫视, URL: http://goo.bkpcp.top/mg/hnws, IPv_Type: ipv6, Location: 美国, ISP: CloudFlare Inc., Date: None, Delay: -1 ms, Speed: 0.00 M/s, Resolution: None
Name: 河南卫视, URL: http://[2409:8087:74f0:22::7]:6410/270000001128/9900000027/index.m3u8, IPv_Type: ipv6, Location: 中国, ISP: 中国移动, Date: None, Delay: -1 ms, Speed: 0.00 M/s, Resolution: None
Name: 河南卫视, URL: http://[2409:8087:1a01:df::4077]/ottrrs.hl.chinamobile.com/PLTV/88888888/224/3221226480/index.m3u8, IPv_Type: ipv6, Location: 中国, ISP: 中国移动, Date: None, Delay: -1 ms, Speed: 0.00 M/s, Resolution: None
Name: 河南卫视, URL: http://[2409:8087:1a01:df::7005]/ottrrs.hl.chinamobile.com/PLTV/88888888/224/3221226480/index.m3u8, IPv_Type: ipv6, Location: 中国, ISP: 中国移动, Date: None, Delay: -1 ms, Speed: 0.00 M/s, Resolution: None
Name: 河南卫视, URL: http://dsj.jshfgy.cn:8880/mgtv/790187291.m3u8, IPv_Type: ipv6, Location: 美国, ISP: CloudFlare Inc., Date: None, Delay: -1 ms, Speed: 0.00 M/s, Resolution: None
Name: 河南卫视, URL: http://datastation.lulucloud.de:35455/mgtv/790187291.m3u8, IPv_Type: ipv6, Location: 中国, ISP: 中国移动, Date: None, Delay: -1 ms, Speed: 0.00 M/s, Resolution: None
Name: 河南卫视, URL: http://dsj.motem.top:8880/bptv/10000100000000050000000003887270.m3u8, IPv_Type: ipv6, Location: 美国, ISP: CloudFlare Inc., Date: None, Delay: -1 ms, Speed: 0.00 M/s, Resolution: None
Name: 河南卫视, URL: http://[2409:8087:1a01:df::7005]:80/ottrrs.hl.chinamobile.com/PLTV/88888888/224/3221226480/index.m3u8, IPv_Type: ipv6, Location: 中国, ISP: 中国移动, Date: None, Delay: -1 ms, Speed: 0.00 M/s, Resolution: None
Name: 河南卫视, URL: http://satellitepull.cnr.cn/live/wxhnws/playlist.m3u8, IPv_Type: ipv4, Location: 美国-德克萨斯州-达拉斯, ISP: 网宿科技CDN节点, Date: None, Delay: 10 ms, Speed: 11.02 M/s, Resolution: None
Name: 陕西卫视, URL: http://php.jdshipin.com/TVOD/hnyd.php?id=200000001898/460000089800010113, IPv_Type: ipv6, Location: 美国, ISP: CloudFlare Inc., Date: None, Delay: -1 ms, Speed: 0.00 M/s, Resolution: None
Name: 陕西卫视, URL: http://z.b.bkpcp.top/m.php?id=sxws, IPv_Type: ipv6, Location: 美国, ISP: CloudFlare Inc., Date: None, Delay: -1 ms, Speed: 0.00 M/s, Resolution: None
Name: 陕西卫视, URL: http://gat.bkpcp.top/ymg.php?id=sxws, IPv_Type: ipv6, Location: 美国, ISP: CloudFlare Inc., Date: None, Delay: -1 ms, Speed: 0.00 M/s, Resolution: None
Name: 陕西卫视, URL: http://goo.bkpcp.top/mg/sxws, IPv_Type: ipv6, Location: 美国, ISP: CloudFlare Inc., Date: None, Delay: -1 ms, Speed: 0.00 M/s, Resolution: None
Name: 陕西卫视, URL: http://hlsbkmgsplive.miguvideo.com/migu/kailu/shan3xiws/57/20220809/index.m3u8, IPv_Type: ipv6, Location: 中国, ISP: 中国移动, Date: None, Delay: -1 ms, Speed: 0.00 M/s, Resolution: None
Name: 陕西卫视, URL: http://[2409:8087:1a01:df::7005]:80/ottrrs.hl.chinamobile.com/PLTV/88888888/224/3221225625/index.m3u8, IPv_Type: ipv6, Location: 中国, ISP: 中国移动, Date: None, Delay: -1 ms, Speed: 0.00 M/s, Resolution: None
Name: 陕西卫视, URL: http://[2409:8087:8:21::18]:6610/otttv.bj.chinamobile.com/PLTV/88888888/224/3221226532/1.m3u8, IPv_Type: ipv6, Location: 中国, ISP: 中国移动, Date: None, Delay: -1 ms, Speed: 0.00 M/s, Resolution: None
Name: 陕西卫视, URL: http://[2409:8087:8:21::18]:6610/otttv.bj.chinamobile.com/PLTV/88888888/224/3221226926/1.m3u8, IPv_Type: ipv6, Location: 中国, ISP: 中国移动, Date: None, Delay: -1 ms, Speed: 0.00 M/s, Resolution: None
Name: 陕西卫视, URL: http://hlsbkmgsplive.miguvideo.com/migu/kailu/shan3xiws/57/20220809/index.m3u8?msisdn=&mtv_session=&HlsSubType=1&HlsProfileId=1&nphaid=0&encrypt=, IPv_Type: ipv6, Location: 中国, ISP: 中国移动, Date: None, Delay: -1 ms, Speed: 0.00 M/s, Resolution: None
Name: 陕西卫视, URL: http://dsj.jshfgy.cn:8880/mgtv/738910838.m3u8, IPv_Type: ipv6, Location: 美国, ISP: CloudFlare Inc., Date: None, Delay: -1 ms, Speed: 0.00 M/s, Resolution: None
Name: 陕西卫视, URL: http://dsj.motem.top:8880/bptv/10000100000000050000000003887404.m3u8, IPv_Type: ipv6, Location: 美国, ISP: CloudFlare Inc., Date: None, Delay: -1 ms, Speed: 0.00 M/s, Resolution: None
Name: 陕西卫视, URL: http://datastation.lulucloud.de:35455/mgtv/738910838.m3u8, IPv_Type: ipv6, Location: 中国, ISP: 中国移动, Date: None, Delay: -1 ms, Speed: 0.00 M/s, Resolution: None
Name: 陕西卫视, URL: http://[2409:8087:8:21::18]:6610/otttv.bj.chinamobile.com/PLTV/88888888/224/3221226999/1.m3u8?GuardEncType=2&accountinfo=%7E%7EV2.0%7EsGLKaSqf0wDZMbAjeQtfyw%7EtP4-l0lmSfjwLWEfK_el1vH_mv-s1zo4AQJwdedaVwG9xkuFTDg8J26cwOrNJzn20BErrHdLhuZ9EzLUCD3PMW-OMx4MGteHV2vLeW6BqoY%2CEND, IPv_Type: ipv6, Location: 中国, ISP: 中国移动, Date: None, Delay: -1 ms, Speed: 0.00 M/s, Resolution: None
Name: 陕西卫视, URL: https://migu.188766.xyz/?migutoken=6c1651f4bfb19ef3318df9940f5030f0&id=%E9%99%95%E8%A5%BF%E5%8D%AB%E8%A7%86&pp=1, IPv_Type: ipv6, Location: 美国, ISP: CloudFlare Inc., Date: None, Delay: -1 ms, Speed: 0.00 M/s, Resolution: None
Name: 陕西卫视, URL: http://satellitepull.cnr.cn/live/wxsxxws/playlist.m3u8, IPv_Type: ipv4, Location: 美国-德克萨斯州-达拉斯, ISP: 网宿科技CDN节点, Date: None, Delay: 9 ms, Speed: 9.08 M/s, Resolution: None
Name: 大湾区卫视, URL: http://php.jdshipin.com/TVOD/hnyd.php?id=200000001898/460000089800010108, IPv_Type: ipv6, Location: 美国, ISP: CloudFlare Inc., Date: None, Delay: -1 ms, Speed: 0.00 M/s, Resolution: None
Name: 大湾区卫视, URL: http://z.b.bkpcp.top/m.php?id=dwqws, IPv_Type: ipv6, Location: 美国, ISP: CloudFlare Inc., Date: None, Delay: -1 ms, Speed: 0.00 M/s, Resolution: None
Name: 大湾区卫视, URL: http://goo.bkpcp.top/mg/dwqws, IPv_Type: ipv6, Location: 美国, ISP: CloudFlare Inc., Date: None, Delay: -1 ms, Speed: 0.00 M/s, Resolution: None
Name: 大湾区卫视, URL: http://jp1.jdiptv.cc/live/nfws.m3u8?kdstime=, IPv_Type: ipv6, Location: 美国, ISP: CloudFlare Inc., Date: None, Delay: -1 ms, Speed: 0.00 M/s, Resolution: None
Name: 大湾区卫视, URL: http://[2409:8087:8:21::18]:6610/otttv.bj.chinamobile.com/PLTV/88888888/224/3221226540/1.m3u8, IPv_Type: ipv6, Location: 中国, ISP: 中国移动, Date: None, Delay: -1 ms, Speed: 0.00 M/s, Resolution: None
Name: 大湾区卫视, URL: http://dsj.jshfgy.cn:8880/mgtv/608917627.m3u8, IPv_Type: ipv6, Location: 美国, ISP: CloudFlare Inc., Date: None, Delay: -1 ms, Speed: 0.00 M/s, Resolution: None
Name: 大湾区卫视, URL: http://datastation.lulucloud.de:35455/mgtv/608917627.m3u8, IPv_Type: ipv6, Location: 中国, ISP: 中国移动, Date: None, Delay: -1 ms, Speed: 0.00 M/s, Resolution: None
Name: 湖北卫视, URL: http://php.jdshipin.com/TVOD/hnyd.php?id=200000001898/460000089800010057, IPv_Type: ipv6, Location: 美国, ISP: CloudFlare Inc., Date: None, Delay: -1 ms, Speed: 0.00 M/s, Resolution: None
Name: 湖北卫视, URL: http://z.b.bkpcp.top/m.php?id=hubws, IPv_Type: ipv6, Location: 美国, ISP: CloudFlare Inc., Date: None, Delay: -1 ms, Speed: 0.00 M/s, Resolution: None
Name: 湖北卫视, URL: http://j.x.bkpcp.top/jx/HUBEIHD, IPv_Type: ipv6, Location: 美国, ISP: CloudFlare Inc., Date: None, Delay: -1 ms, Speed: 0.00 M/s, Resolution: None
Name: 湖北卫视, URL: http://goo.bkpcp.top/mg/hubws, IPv_Type: ipv6, Location: 美国, ISP: CloudFlare Inc., Date: None, Delay: -1 ms, Speed: 0.00 M/s, Resolution: None
Name: 湖北卫视, URL: http://[2409:8087:74f0:22::5]:6410/270000001128/9900000522/index.m3u8, IPv_Type: ipv6, Location: 中国, ISP: 中国移动, Date: None, Delay: -1 ms, Speed: 0.00 M/s, Resolution: None
Name: 湖北卫视, URL: http://[2409:8087:1a01:df::7005]/ottrrs.hl.chinamobile.com/PLTV/88888888/224/3221226477/index.m3u8, IPv_Type: ipv6, Location: 中国, ISP: 中国移动, Date: None, Delay: -1 ms, Speed: 0.00 M/s, Resolution: None
Name: 湖北卫视, URL: http://[2409:8087:1a01:df::7005]:80/ottrrs.hl.chinamobile.com/PLTV/88888888/224/3221226477/index.m3u8, IPv_Type: ipv6, Location: 中国, ISP: 中国移动, Date: None, Delay: -1 ms, Speed: 0.00 M/s, Resolution: None
Name: 湖北卫视, URL: http://[2409:8087:5e00:24::1e]:6060/200000001898/460000089800010057/1.m3u8, IPv_Type: ipv6, Location: 中国, ISP: 中国移动, Date: None, Delay: -1 ms, Speed: 0.00 M/s, Resolution: None
Name: 湖北卫视, URL: http://[2409:8087:8:21::18]:6610/otttv.bj.chinamobile.com/PLTV/88888888/224/3221226952/1.m3u8?GuardEncType=2&accountinfo=%7E%7EV2.0%7EREB40lnZnCEwjRy7LZuhIQ%7EtP4-l0lmSfjwLWEfK_el1vH_mv-s1zo4AQJwdedaVwG9xkuFTDg8J26cwOrNJzn20BErrHdLhuZ9EzLUCD3PMW-OMx4MGteHV2vLeW6BqoY%2CEND, IPv_Type: ipv6, Location: 中国, ISP: 中国移动, Date: None, Delay: -1 ms, Speed: 0.00 M/s, Resolution: None
Name: 湖北卫视, URL: http://iptv.huuc.edu.cn/hls/hbhd.m3u8, IPv_Type: ipv6, Location: 中国, ISP: 教育网, Date: None, Delay: -1 ms, Speed: 0.00 M/s, Resolution: None
Name: 湖北卫视, URL: http://dsj.jshfgy.cn:8880/mgtv/947472496.m3u8, IPv_Type: ipv6, Location: 美国, ISP: CloudFlare Inc., Date: None, Delay: -1 ms, Speed: 0.00 M/s, Resolution: None
Name: 湖北卫视, URL: http://dsj.motem.top:8880/bptv/10000100000000050000000003873465.m3u8, IPv_Type: ipv6, Location: 美国, ISP: CloudFlare Inc., Date: None, Delay: -1 ms, Speed: 0.00 M/s, Resolution: None
Name: 湖北卫视, URL: http://datastation.lulucloud.de:35455/mgtv/947472496.m3u8, IPv_Type: ipv6, Location: 中国, ISP: 中国移动, Date: None, Delay: -1 ms, Speed: 0.00 M/s, Resolution: None
Name: 湖北卫视, URL: http://lu.wqwqwq.sbs/itv/1000000005000265023.m3u8?cdn=ystenlive, IPv_Type: ipv6, Location: 美国, ISP: CloudFlare Inc., Date: None, Delay: -1 ms, Speed: 0.00 M/s, Resolution: None
Name: 湖北卫视, URL: https://migu.188766.xyz/?migutoken=9157c8aa7a594b5e3a23675f8f75f55b&id=%E6%B9%96%E5%8C%97%E5%8D%AB%E8%A7%86&pp=1, IPv_Type: ipv6, Location: 美国, ISP: CloudFlare Inc., Date: None, Delay: -1 ms, Speed: 0.00 M/s, Resolution: None
Name: 湖北卫视, URL: http://satellitepull.cnr.cn/live/wx32hubws/playlist.m3u8, IPv_Type: ipv4, Location: 美国-德克萨斯州-达拉斯, ISP: 网宿科技CDN节点, Date: None, Delay: 9 ms, Speed: 9.89 M/s, Resolution: None
Name: 吉林卫视, URL: http://php.jdshipin.com/TVOD/hnyd.php?id=200000001898/460000089800010075, IPv_Type: ipv6, Location: 美国, ISP: CloudFlare Inc., Date: None, Delay: -1 ms, Speed: 0.00 M/s, Resolution: None
Name: 吉林卫视, URL: http://z.b.bkpcp.top/m.php?id=jlws, IPv_Type: ipv6, Location: 美国, ISP: CloudFlare Inc., Date: None, Delay: -1 ms, Speed: 0.00 M/s, Resolution: None
Name: 吉林卫视, URL: http://j.x.bkpcp.top/jx/JILHD, IPv_Type: ipv6, Location: 美国, ISP: CloudFlare Inc., Date: None, Delay: -1 ms, Speed: 0.00 M/s, Resolution: None
Name: 吉林卫视, URL: http://goo.bkpcp.top/mg/jlws, IPv_Type: ipv6, Location: 美国, ISP: CloudFlare Inc., Date: None, Delay: -1 ms, Speed: 0.00 M/s, Resolution: None
Name: 吉林卫视, URL: http://[2409:8087:74f0:22::5]:6410/270000001128/9900000030/index.m3u8, IPv_Type: ipv6, Location: 中国, ISP: 中国移动, Date: None, Delay: -1 ms, Speed: 0.00 M/s, Resolution: None
Name: 吉林卫视, URL: http://[2409:8087:1a01:df::7005]/ottrrs.hl.chinamobile.com/PLTV/88888888/224/3221226397/index.m3u8, IPv_Type: ipv6, Location: 中国, ISP: 中国移动, Date: None, Delay: -1 ms, Speed: 0.00 M/s, Resolution: None
Name: 吉林卫视, URL: http://[2409:8087:8:21::18]:6610/otttv.bj.chinamobile.com/PLTV/88888888/224/3221226533/1.m3u8, IPv_Type: ipv6, Location: 中国, ISP: 中国移动, Date: None, Delay: -1 ms, Speed: 0.00 M/s, Resolution: None
Name: 吉林卫视, URL: http://dsj.jshfgy.cn:8880/mgtv/947472500.m3u8, IPv_Type: ipv6, Location: 美国, ISP: CloudFlare Inc., Date: None, Delay: -1 ms, Speed: 0.00 M/s, Resolution: None
Name: 吉林卫视, URL: http://dsj.motem.top:8880/bptv/10000100000000050000000004972569.m3u8, IPv_Type: ipv6, Location: 美国, ISP: CloudFlare Inc., Date: None, Delay: -1 ms, Speed: 0.00 M/s, Resolution: None
Name: 吉林卫视, URL: http://datastation.lulucloud.de:35455/mgtv/947472500.m3u8, IPv_Type: ipv6, Location: 中国, ISP: 中国移动, Date: None, Delay: -1 ms, Speed: 0.00 M/s, Resolution: None
Name: 吉林卫视, URL: http://[2409:8087:1a01:df::7005]:80/ottrrs.hl.chinamobile.com/PLTV/88888888/224/3221226397/index.m3u8, IPv_Type: ipv6, Location: 中国, ISP: 中国移动, Date: None, Delay: -1 ms, Speed: 0.00 M/s, Resolution: None
Name: 吉林卫视, URL: http://[2409:8087:8:21::18]:6610/otttv.bj.chinamobile.com/PLTV/88888888/224/3221227015/1.m3u8?GuardEncType=2&accountinfo=%7E%7EV2.0%7EW5-3AVdwD5KlUpuA4mz7Cg%7EtP4-l0lmSfjwLWEfK_el1vH_mv-s1zo4AQJwdedaVwG9xkuFTDg8J26cwOrNJzn20BErrHdLhuZ9EzLUCD3PMW-OMx4MGteHV2vLeW6BqoY%2CEND, IPv_Type: ipv6, Location: 中国, ISP: 中国移动, Date: None, Delay: -1 ms, Speed: 0.00 M/s, Resolution: None
Name: 吉林卫视, URL: http://satellitepull.cnr.cn/live/wxjlws/playlist.m3u8, IPv_Type: ipv4, Location: 美国-德克萨斯州-达拉斯, ISP: 网宿科技CDN节点, Date: None, Delay: 9 ms, Speed: 10.61 M/s, Resolution: None
Name: 青海卫视, URL: http://php.jdshipin.com/TVOD/hnyd.php?id=200000001898/460000089800010111, IPv_Type: ipv6, Location: 美国, ISP: CloudFlare Inc., Date: None, Delay: -1 ms, Speed: 0.00 M/s, Resolution: None
Name: 青海卫视, URL: http://z.b.bkpcp.top/m.php?id=qhws, IPv_Type: ipv6, Location: 美国, ISP: CloudFlare Inc., Date: None, Delay: -1 ms, Speed: 0.00 M/s, Resolution: None
Name: 青海卫视, URL: http://j.x.bkpcp.top/jx/QHWS, IPv_Type: ipv6, Location: 美国, ISP: CloudFlare Inc., Date: None, Delay: -1 ms, Speed: 0.00 M/s, Resolution: None
Name: 青海卫视, URL: http://goo.bkpcp.top/mg/qhws, IPv_Type: ipv6, Location: 美国, ISP: CloudFlare Inc., Date: None, Delay: -1 ms, Speed: 0.00 M/s, Resolution: None
Name: 青海卫视, URL: http://[2409:8087:74f0:22::5]:6410/270000001128/9900000042/index.m3u8, IPv_Type: ipv6, Location: 中国, ISP: 中国移动, Date: None, Delay: -1 ms, Speed: 0.00 M/s, Resolution: None
Name: 青海卫视, URL: http://[2409:8087:1a01:df::7005]:80/ottrrs.hl.chinamobile.com/PLTV/88888888/224/3221225628/index.m3u8, IPv_Type: ipv6, Location: 中国, ISP: 中国移动, Date: None, Delay: -1 ms, Speed: 0.00 M/s, Resolution: None
Name: 青海卫视, URL: http://[2409:8087:5e00:24::1e]:6060/200000001898/460000089800010111/1.m3u8, IPv_Type: ipv6, Location: 中国, ISP: 中国移动, Date: None, Delay: -1 ms, Speed: 0.00 M/s, Resolution: None
Name: 青海卫视, URL: http://[2409:8087:8:21::18]:6610/otttv.bj.chinamobile.com/PLTV/88888888/224/3221226529/1.m3u8, IPv_Type: ipv6, Location: 中国, ISP: 中国移动, Date: None, Delay: -1 ms, Speed: 0.00 M/s, Resolution: None
Name: 青海卫视, URL: http://[2409:8087:8:21::18]:6610/otttv.bj.chinamobile.com/PLTV/88888888/224/3221226916/1.m3u8, IPv_Type: ipv6, Location: 中国, ISP: 中国移动, Date: None, Delay: -1 ms, Speed: 0.00 M/s, Resolution: None
Name: 青海卫视, URL: http://dsj.jshfgy.cn:8880/mgtv/947472506.m3u8, IPv_Type: ipv6, Location: 美国, ISP: CloudFlare Inc., Date: None, Delay: -1 ms, Speed: 0.00 M/s, Resolution: None
Name: 青海卫视, URL: http://dsj.motem.top:8880/bptv/10000100000000050000000003887430.m3u8, IPv_Type: ipv6, Location: 美国, ISP: CloudFlare Inc., Date: None, Delay: -1 ms, Speed: 0.00 M/s, Resolution: None
Name: 青海卫视, URL: http://datastation.lulucloud.de:35455/mgtv/947472506.m3u8, IPv_Type: ipv6, Location: 中国, ISP: 中国移动, Date: None, Delay: -1 ms, Speed: 0.00 M/s, Resolution: None
Name: 青海卫视, URL: http://[2409:8087:8:21::18]:6610/otttv.bj.chinamobile.com/PLTV/88888888/224/3221227017/1.m3u8?GuardEncType=2&accountinfo=%7E%7EV2.0%7EacviHy_ucMT27Ymf2iLtZA%7EtP4-l0lmSfjwLWEfK_el1vH_mv-s1zo4AQJwdedaVwG9xkuFTDg8J26cwOrNJzn20BErrHdLhuZ9EzLUCD3PMW-OMx4MGteHV2vLeW6BqoY%2CEND, IPv_Type: ipv6, Location: 中国, ISP: 中国移动, Date: None, Delay: -1 ms, Speed: 0.00 M/s, Resolution: None
Name: 青海卫视, URL: http://satellitepull.cnr.cn/live/wx32qhws/playlist.m3u8, IPv_Type: ipv4, Location: 美国-德克萨斯州-达拉斯, ISP: 网宿科技CDN节点, Date: None, Delay: 10 ms, Speed: 9.24 M/s, Resolution: None
Name: 东南卫视, URL: http://php.jdshipin.com/TVOD/hnyd.php?id=200000001898/460000089800010096, IPv_Type: ipv6, Location: 美国, ISP: CloudFlare Inc., Date: None, Delay: -1 ms, Speed: 0.00 M/s, Resolution: None
Name: 东南卫视, URL: http://z.b.bkpcp.top/m.php?id=dnws, IPv_Type: ipv6, Location: 美国, ISP: CloudFlare Inc., Date: None, Delay: -1 ms, Speed: 0.00 M/s, Resolution: None
Name: 东南卫视, URL: http://j.x.bkpcp.top/jx/DONGNHD, IPv_Type: ipv6, Location: 美国, ISP: CloudFlare Inc., Date: None, Delay: -1 ms, Speed: 0.00 M/s, Resolution: None
Name: 东南卫视, URL: http://[2409:8087:74f0:22::4]:6610/270000001128/9900000519/index.m3u8, IPv_Type: ipv6, Location: 中国, ISP: 中国移动, Date: None, Delay: -1 ms, Speed: 0.00 M/s, Resolution: None
Name: 东南卫视, URL: http://[2409:8087:1a01:df::4077]/ottrrs.hl.chinamobile.com/PLTV/88888888/224/3221226341/index.m3u8, IPv_Type: ipv6, Location: 中国, ISP: 中国移动, Date: None, Delay: -1 ms, Speed: 0.00 M/s, Resolution: None
Name: 东南卫视, URL: http://[2409:8087:1a01:df::7005]/ottrrs.hl.chinamobile.com/PLTV/88888888/224/3221226341/index.m3u8, IPv_Type: ipv6, Location: 中国, ISP: 中国移动, Date: None, Delay: -1 ms, Speed: 0.00 M/s, Resolution: None
Name: 东南卫视, URL: http://[2409:8087:5e00:24::1e]:6060/200000001898/460000089800010096/1.m3u8, IPv_Type: ipv6, Location: 中国, ISP: 中国移动, Date: None, Delay: -1 ms, Speed: 0.00 M/s, Resolution: None
Name: 东南卫视, URL: http://[2409:8087:8:21::18]:6610/otttv.bj.chinamobile.com/PLTV/88888888/224/3221226991/1.m3u8?GuardEncType=2&accountinfo=%7E%7EV2.0%7EQ6F5Mjgs0tJyEArWFL3vQA%7EtP4-l0lmSfjwLWEfK_el1vH_mv-s1zo4AQJwdedaVwG9xkuFTDg8J26cwOrNJzn20BErrHdLhuZ9EzLUCD3PMW-OMx4MGteHV2vLeW6BqoY%2CEND, IPv_Type: ipv6, Location: 中国, ISP: 中国移动, Date: None, Delay: -1 ms, Speed: 0.00 M/s, Resolution: None
Name: 东南卫视, URL: http://[2409:8087:1a01:df::4035]:80/TVOD/88888888/224/3221225950/main.m3u8, IPv_Type: ipv6, Location: 中国, ISP: 中国移动, Date: None, Delay: -1 ms, Speed: 0.00 M/s, Resolution: None
Name: 东南卫视, URL: http://iptv.huuc.edu.cn/hls/dnhd.m3u8, IPv_Type: ipv6, Location: 中国, ISP: 教育网, Date: None, Delay: -1 ms, Speed: 0.00 M/s, Resolution: None
Name: 东南卫视, URL: http://live.zohi.tv/video/s10001-fztv-3/index.m3u8, IPv_Type: ipv6, Location: 中国, ISP: 中国电信, Date: None, Delay: -1 ms, Speed: 0.00 M/s, Resolution: None
Name: 东南卫视, URL: http://dsj.jshfgy.cn:8880/mgtv/849116810.m3u8, IPv_Type: ipv6, Location: 美国, ISP: CloudFlare Inc., Date: None, Delay: -1 ms, Speed: 0.00 M/s, Resolution: None
Name: 东南卫视, URL: http://dsj.motem.top:8880/bptv/10000100000000050000000003873473.m3u8, IPv_Type: ipv6, Location: 美国, ISP: CloudFlare Inc., Date: None, Delay: -1 ms, Speed: 0.00 M/s, Resolution: None
Name: 东南卫视, URL: http://datastation.lulucloud.de:35455/mgtv/849116810.m3u8, IPv_Type: ipv6, Location: 中国, ISP: 中国移动, Date: None, Delay: -1 ms, Speed: 0.00 M/s, Resolution: None
Name: 东南卫视, URL: http://[2409:8087:1a01:df::7005]:80/ottrrs.hl.chinamobile.com/PLTV/88888888/224/3221226341/index.m3u8, IPv_Type: ipv6, Location: 中国, ISP: 中国移动, Date: None, Delay: -1 ms, Speed: 0.00 M/s, Resolution: None
Name: 东南卫视, URL: http://satellitepull.cnr.cn/live/wx32fjws/playlist.m3u8, IPv_Type: ipv4, Location: 美国-德克萨斯州-达拉斯, ISP: 网宿科技CDN节点, Date: None, Delay: 9 ms, Speed: 10.96 M/s, Resolution: None
Name: 海南卫视, URL: http://php.jdshipin.com/TVOD/hnyd.php?id=200000001898/460000089800010083, IPv_Type: ipv6, Location: 美国, ISP: CloudFlare Inc., Date: None, Delay: -1 ms, Speed: 0.00 M/s, Resolution: None
Name: 海南卫视, URL: http://z.b.bkpcp.top/m.php?id=hinws, IPv_Type: ipv6, Location: 美国, ISP: CloudFlare Inc., Date: None, Delay: -1 ms, Speed: 0.00 M/s, Resolution: None
Name: 海南卫视, URL: http://j.x.bkpcp.top/jx/HAINHD, IPv_Type: ipv6, Location: 美国, ISP: CloudFlare Inc., Date: None, Delay: -1 ms, Speed: 0.00 M/s, Resolution: None
Name: 海南卫视, URL: http://goo.bkpcp.top/mg/hinws, IPv_Type: ipv6, Location: 美国, ISP: CloudFlare Inc., Date: None, Delay: -1 ms, Speed: 0.00 M/s, Resolution: None
Name: 海南卫视, URL: http://[2409:8087:74f0:22::7]:6410/270000001128/9900000037/index.m3u8, IPv_Type: ipv6, Location: 中国, ISP: 中国移动, Date: None, Delay: -1 ms, Speed: 0.00 M/s, Resolution: None
Name: 海南卫视, URL: http://[2409:8087:1a01:df::7005]/ottrrs.hl.chinamobile.com/PLTV/88888888/224/3221226465/index.m3u8, IPv_Type: ipv6, Location: 中国, ISP: 中国移动, Date: None, Delay: -1 ms, Speed: 0.00 M/s, Resolution: None
Name: 海南卫视, URL: http://[2409:8087:8:21::18]:6610/otttv.bj.chinamobile.com/PLTV/88888888/224/3221226574/1.m3u8, IPv_Type: ipv6, Location: 中国, ISP: 中国移动, Date: None, Delay: -1 ms, Speed: 0.00 M/s, Resolution: None
Name: 海南卫视, URL: http://[2409:8087:8:21::18]:6610/otttv.bj.chinamobile.com/PLTV/88888888/224/3221226922/1.m3u8, IPv_Type: ipv6, Location: 中国, ISP: 中国移动, Date: None, Delay: -1 ms, Speed: 0.00 M/s, Resolution: None
Name: 海南卫视, URL: http://lu.wqwqwq.sbs/itv/5000000004000006211.m3u8?cdn=bestzb, IPv_Type: ipv6, Location: 美国, ISP: CloudFlare Inc., Date: None, Delay: -1 ms, Speed: 0.00 M/s, Resolution: None
Name: 海南卫视, URL: http://live.wqwqwq.sbs/itv/5000000004000006211.m3u8?cdn=bestzb, IPv_Type: ipv6, Location: 美国, ISP: CloudFlare Inc., Date: None, Delay: -1 ms, Speed: 0.00 M/s, Resolution: None
Name: 海南卫视, URL: http://dsj.jshfgy.cn:8880/mgtv/947472502.m3u8, IPv_Type: ipv6, Location: 美国, ISP: CloudFlare Inc., Date: None, Delay: -1 ms, Speed: 0.00 M/s, Resolution: None
Name: 海南卫视, URL: http://dsj.motem.top:8880/bptv/10000100000000050000000004796877.m3u8, IPv_Type: ipv6, Location: 美国, ISP: CloudFlare Inc., Date: None, Delay: -1 ms, Speed: 0.00 M/s, Resolution: None
Name: 海南卫视, URL: http://datastation.lulucloud.de:35455/mgtv/947472502.m3u8, IPv_Type: ipv6, Location: 中国, ISP: 中国移动, Date: None, Delay: -1 ms, Speed: 0.00 M/s, Resolution: None
Name: 海南卫视, URL: http://[2409:8087:1a01:df::7005]:80/ottrrs.hl.chinamobile.com/PLTV/88888888/224/3221226465/index.m3u8, IPv_Type: ipv6, Location: 中国, ISP: 中国移动, Date: None, Delay: -1 ms, Speed: 0.00 M/s, Resolution: None
Name: 海南卫视, URL: http://[2409:8087:8:21::18]:6610/otttv.bj.chinamobile.com/PLTV/88888888/224/3221227029/1.m3u8?GuardEncType=2&accountinfo=%7E%7EV2.0%7EEuBMjt2kLMD8fAO7QYER7Q%7EtP4-l0lmSfjwLWEfK_el1vH_mv-s1zo4AQJwdedaVwG9xkuFTDg8J26cwOrNJzn20BErrHdLhuZ9EzLUCD3PMW-OMx4MGteHV2vLeW6BqoY%2CEND, IPv_Type: ipv6, Location: 中国, ISP: 中国移动, Date: None, Delay: -1 ms, Speed: 0.00 M/s, Resolution: None
Name: 海南卫视, URL: http://satellitepull.cnr.cn/live/wxhainlyws/playlist.m3u8, IPv_Type: ipv4, Location: 美国-德克萨斯州-达拉斯, ISP: 网宿科技CDN节点, Date: None, Delay: 9 ms, Speed: 10.44 M/s, Resolution: None
Name: 海南卫视, URL: http://nas.hssvm.com:8888/udp/225.1.2.82:5002, IPv_Type: ipv4, Location: 中国-天津-天津, ISP: 联通, Date: None, Delay: 498 ms, Speed: 0.04 M/s, Resolution: 1920x1080
Name: 海峡卫视, URL: http://hlsbkmgsplive.miguvideo.com/migu/kailu/haixiaws/57/20230724/01.m3u8, IPv_Type: ipv6, Location: 中国, ISP: 中国移动, Date: None, Delay: -1 ms, Speed: 0.00 M/s, Resolution: None
Name: 海峡卫视, URL: http://hlsbkmgsplive.miguvideo.com/migu/kailu/haixiaws/57/20230724/01.m3u8?msisdn=&Channel_ID=&ContentId=&HlsSubType=&HlsProfileId=&encrypt=, IPv_Type: ipv6, Location: 中国, ISP: 中国移动, Date: None, Delay: -1 ms, Speed: 0.00 M/s, Resolution: None
Name: 海峡卫视, URL: http://dsj.jshfgy.cn:8880/mgtv/849119120.m3u8, IPv_Type: ipv6, Location: 美国, ISP: CloudFlare Inc., Date: None, Delay: -1 ms, Speed: 0.00 M/s, Resolution: None
Name: 海峡卫视, URL: http://datastation.lulucloud.de:35455/mgtv/849119120.m3u8, IPv_Type: ipv6, Location: 中国, ISP: 中国移动, Date: None, Delay: -1 ms, Speed: 0.00 M/s, Resolution: None
Name: 海峡卫视, URL: http://38.64.72.148:80/hls/modn/list/4009/playlist.m3u8, IPv_Type: ipv4, Location: 美国-加利福尼亚州-洛杉矶, ISP: Cogent, Date: None, Delay: 3067 ms, Speed: 0.91 M/s, Resolution: None
Name: 海峡卫视, URL: http://38.64.72.148:80/hls/modn/list/4009/chunklist0.m3u8, IPv_Type: ipv4, Location: 美国-加利福尼亚州-洛杉矶, ISP: Cogent, Date: None, Delay: 3149 ms, Speed: 0.70 M/s, Resolution: 1920x1080
Name: 海南卫视-NPTV, URL: http://36.251.58.67:6610/nptv/hainan.m3u8, IPv_Type: ipv4, Location: 中国-福建-福州, ISP: 联通, Date: None, Delay: 238 ms, Speed: 0.00 M/s, Resolution: 1920x1080
Name: 宁夏卫视-NPTV, URL: http://36.251.58.67:6610/nptv/ningxia.m3u8, IPv_Type: ipv4, Location: 中国-福建-福州, ISP: 联通, Date: None, Delay: 234 ms, Speed: 0.00 M/s, Resolution: 1920x1080
Name: 西藏卫视-NPTV, URL: http://36.251.58.67:6610/nptv/xizang.m3u8, IPv_Type: ipv4, Location: 中国-福建-福州, ISP: 联通, Date: None, Delay: 239 ms, Speed: 0.00 M/s, Resolution: 1920x1080
Name: 新疆卫视-NPTV, URL: http://36.251.58.67:6610/nptv/xinjiang.m3u8, IPv_Type: ipv4, Location: 中国-福建-福州, ISP: 联通, Date: None, Delay: 235 ms, Speed: 0.00 M/s, Resolution: 1920x1080
Name: 甘肃卫视-NPTV, URL: http://36.251.58.67:6610/nptv/gansu.m3u8, IPv_Type: ipv4, Location: 中国-福建-福州, ISP: 联通, Date: None, Delay: 240 ms, Speed: 0.00 M/s, Resolution: 1920x1080
Name: 云南卫视-NPTV, URL: http://36.251.58.67:6610/nptv/yunnan.m3u8, IPv_Type: ipv4, Location: 中国-福建-福州, ISP: 联通, Date: None, Delay: 240 ms, Speed: 0.00 M/s, Resolution: 1920x1080
Name: CHC影迷电影, URL: https://stream1.freetv.fun/chcying-mi-dian-ying-12.ctv, IPv_Type: ipv6, Location: 美国, ISP: CloudFlare Inc., Date: None, Delay: -1 ms, Speed: 0.00 M/s, Resolution: None
Name: CHC影迷电影, URL: https://stream1.freetv.fun/chcying-mi-dian-ying-15.ctv, IPv_Type: ipv6, Location: 美国, ISP: CloudFlare Inc., Date: None, Delay: -1 ms, Speed: 0.00 M/s, Resolution: None
Name: CHC影迷电影, URL: http://eastscreen.tv/ooooo.php, IPv_Type: ipv6, Location: 美国, ISP: CloudFlare Inc., Date: None, Delay: -1 ms, Speed: 0.00 M/s, Resolution: None
Name: CHC影迷电影, URL: http://dsj.jshfgy.cn:8880/mgtv/952383261.m3u8, IPv_Type: ipv6, Location: 美国, ISP: CloudFlare Inc., Date: None, Delay: -1 ms, Speed: 0.00 M/s, Resolution: None
Name: CHC影迷电影, URL: http://datastation.lulucloud.de:35455/mgtv/952383261.m3u8, IPv_Type: ipv6, Location: 中国, ISP: 中国移动, Date: None, Delay: -1 ms, Speed: 0.00 M/s, Resolution: None
Name: CHC动作电影, URL: http://z.b.bkpcp.top/m.php, IPv_Type: ipv6, Location: 美国, ISP: CloudFlare Inc., Date: None, Delay: -1 ms, Speed: 0.00 M/s, Resolution: None
Name: CHC动作电影, URL: http://goo.bkpcp.top/mg/dzdy, IPv_Type: ipv6, Location: 美国, ISP: CloudFlare Inc., Date: None, Delay: -1 ms, Speed: 0.00 M/s, Resolution: None
Name: CHC动作电影, URL: http://z.b.bkpcp.top/m.php?id=dzdy, IPv_Type: ipv6, Location: 美国, ISP: CloudFlare Inc., Date: None, Delay: -1 ms, Speed: 0.00 M/s, Resolution: None
Name: CHC动作电影, URL: https://stream1.freetv.fun/chcdong-zuo-dian-ying-24.ctv, IPv_Type: ipv6, Location: 美国, ISP: CloudFlare Inc., Date: None, Delay: -1 ms, Speed: 0.00 M/s, Resolution: None
Name: CHC动作电影, URL: http://eastscreen.tv/ooooo.php, IPv_Type: ipv6, Location: 美国, ISP: CloudFlare Inc., Date: None, Delay: -1 ms, Speed: 0.00 M/s, Resolution: None
Name: CHC动作电影, URL: http://[2409:8087:8:21::18]:6610/otttv.bj.chinamobile.com/PLTV/88888888/224/3221226329/1.m3u8, IPv_Type: ipv6, Location: 中国, ISP: 中国移动, Date: None, Delay: -1 ms, Speed: 0.00 M/s, Resolution: None
Name: CHC动作电影, URL: http://dsj.jshfgy.cn:8880/mgtv/644368714.m3u8, IPv_Type: ipv6, Location: 美国, ISP: CloudFlare Inc., Date: None, Delay: -1 ms, Speed: 0.00 M/s, Resolution: None
Name: CHC动作电影, URL: http://datastation.lulucloud.de:35455/mgtv/644368714.m3u8, IPv_Type: ipv6, Location: 中国, ISP: 中国移动, Date: None, Delay: -1 ms, Speed: 0.00 M/s, Resolution: None
Name: CHC家庭影院, URL: http://gat.bkpcp.top/ymg.php?id=jtyy, IPv_Type: ipv6, Location: 美国, ISP: CloudFlare Inc., Date: None, Delay: -1 ms, Speed: 0.00 M/s, Resolution: None
Name: CHC家庭影院, URL: http://goo.bkpcp.top/mg/jtyy, IPv_Type: ipv6, Location: 美国, ISP: CloudFlare Inc., Date: None, Delay: -1 ms, Speed: 0.00 M/s, Resolution: None
Name: CHC家庭影院, URL: http://z.b.bkpcp.top/m.php?id=jtyy, IPv_Type: ipv6, Location: 美国, ISP: CloudFlare Inc., Date: None, Delay: -1 ms, Speed: 0.00 M/s, Resolution: None
Name: CHC家庭影院, URL: https://stream1.freetv.fun/chcjia-ting-ying-yuan-17.ctv, IPv_Type: ipv6, Location: 美国, ISP: CloudFlare Inc., Date: None, Delay: -1 ms, Speed: 0.00 M/s, Resolution: None
Name: CHC家庭影院, URL: http://eastscreen.tv/ooooo.php, IPv_Type: ipv6, Location: 美国, ISP: CloudFlare Inc., Date: None, Delay: -1 ms, Speed: 0.00 M/s, Resolution: None
Name: CHC家庭影院, URL: http://dsj.jshfgy.cn:8880/mgtv/644368373.m3u8, IPv_Type: ipv6, Location: 美国, ISP: CloudFlare Inc., Date: None, Delay: -1 ms, Speed: 0.00 M/s, Resolution: None
Name: CHC家庭影院, URL: http://datastation.lulucloud.de:35455/mgtv/644368373.m3u8, IPv_Type: ipv6, Location: 中国, ISP: 中国移动, Date: None, Delay: -1 ms, Speed: 0.00 M/s, Resolution: None
Name: CHC家庭影院, URL: http://z.b.bkpcp.top/m.php?id=chcjtyy, IPv_Type: ipv6, Location: 美国, ISP: CloudFlare Inc., Date: None, Delay: -1 ms, Speed: 0.00 M/s, Resolution: None
Name: 第一剧场-NPTV, URL: http://guyue0227.eicp.net:35455/nptv/dyjc.m3u8, IPv_Type: ipv4, Location: 中国-上海-上海, ISP: 电信, Date: None, Delay: 25 ms, Speed: 19.84 M/s, Resolution: 1280x720
Name: 第一剧场-NPTV, URL: http://125.46.85.66:42361/nptv/dyjc.m3u8, IPv_Type: ipv4, Location: 中国-河南-郑州, ISP: 联通, Date: None, Delay: 41 ms, Speed: 10.50 M/s, Resolution: 1280x720
Name: 第一剧场-NPTV, URL: http://60.204.222.226:35455/nptv/dyjc.m3u8, IPv_Type: ipv4, Location: 中国-上海-上海, ISP: 华为云, Date: None, Delay: 48 ms, Speed: 10.30 M/s, Resolution: 1280x720
Name: 第一剧场-NPTV, URL: http://8.148.5.88:35455/nptv/dyjc.m3u8, IPv_Type: ipv4, Location: 中国, ISP: 阿里云, Date: None, Delay: 50 ms, Speed: 10.05 M/s, Resolution: 1280x720
Name: 第一剧场-NPTV, URL: http://119.23.222.115:35455/nptv/dyjc.m3u8, IPv_Type: ipv4, Location: 中国-广东-深圳, ISP: 阿里云, Date: None, Delay: 43 ms, Speed: 9.86 M/s, Resolution: 1280x720
Name: 第一剧场-NPTV, URL: http://110.40.43.24:58316/nptv/dyjc.m3u8, IPv_Type: ipv4, Location: 中国-北京-北京, ISP: 诚亿时代网络, Date: None, Delay: 49 ms, Speed: 9.41 M/s, Resolution: 1280x720
Name: 第一剧场-NPTV, URL: http://ychz.myds.me:35455/nptv/dyjc.m3u8, IPv_Type: ipv4, Location: 中国-山东-济南, ISP: 联通, Date: None, Delay: 51 ms, Speed: 9.32 M/s, Resolution: 1280x720
Name: 第一剧场-NPTV, URL: http://111.20.182.2:35455/nptv/dyjc.m3u8, IPv_Type: ipv4, Location: 中国-陕西, ISP: 移动, Date: None, Delay: 59 ms, Speed: 9.05 M/s, Resolution: 1280x720
Name: 第一剧场-NPTV, URL: http://81.70.10.196:35455/nptv/dyjc.m3u8, IPv_Type: ipv4, Location: 中国-北京-北京, ISP: 腾讯云, Date: None, Delay: 76 ms, Speed: 8.74 M/s, Resolution: 1280x720
Name: 第一剧场-NPTV, URL: http://223.167.209.254:35455/nptv/dyjc.m3u8, IPv_Type: ipv4, Location: 中国-上海-上海, ISP: 联通, Date: None, Delay: 227 ms, Speed: 0.00 M/s, Resolution: 1280x720
Name: 第一剧场-NPTV, URL: http://198.23.236.148:35455/nptv/dyjc.m3u8, IPv_Type: ipv4, Location: 美国-纽约州-伊利, ISP: ColoCrossing有限公司, Date: None, Delay: 348 ms, Speed: 0.00 M/s, Resolution: 1280x720
Name: 第一剧场-NPTV, URL: http://117.9.208.32:35455/nptv/dyjc.m3u8, IPv_Type: ipv4, Location: 中国-天津-天津, ISP: 联通, Date: None, Delay: 232 ms, Speed: 0.00 M/s, Resolution: 1280x720
Name: 第一剧场-NPTV, URL: http://110.42.63.51:51396/nptv/dyjc.m3u8, IPv_Type: ipv4, Location: 中国-浙江-宁波, ISP: 电信, Date: None, Delay: 269 ms, Speed: 0.00 M/s, Resolution: 1280x720
Name: 第一剧场-NPTV, URL: http://yemingjkl.x3322.net:35455/nptv/dyjc.m3u8, IPv_Type: ipv4, Location: 中国-湖北-武汉, ISP: 电信, Date: None, Delay: 239 ms, Speed: 0.00 M/s, Resolution: 1280x720
Name: 第一剧场-NPTV, URL: http://42.194.132.65:35455/nptv/dyjc.m3u8, IPv_Type: ipv4, Location: 中国-广东-广州, ISP: 腾讯云, Date: None, Delay: 227 ms, Speed: 0.00 M/s, Resolution: 1280x720
Name: 第一剧场-NPTV, URL: http://222.186.39.21:35466/nptv/dyjc.m3u8, IPv_Type: ipv4, Location: 中国-江苏-镇江, ISP: 电信, Date: None, Delay: 230 ms, Speed: 0.00 M/s, Resolution: 1280x720
Name: 第一剧场-NPTV, URL: http://101.33.125.212:1008/nptv/dyjc.m3u8, IPv_Type: ipv4, Location: 中国-香港, ISP: 腾讯云, Date: None, Delay: 237 ms, Speed: 0.00 M/s, Resolution: 1280x720
Name: 第一剧场-NPTV, URL: http://47.102.149.208:35455/nptv/dyjc.m3u8, IPv_Type: ipv4, Location: 中国-上海-上海, ISP: 阿里云, Date: None, Delay: 223 ms, Speed: 0.00 M/s, Resolution: 1280x720
Name: 风云剧场-NPTV, URL: http://ychz.myds.me:35455/nptv/fyjc.m3u8, IPv_Type: ipv4, Location: 中国-山东-济南, ISP: 联通, Date: None, Delay: 43 ms, Speed: 11.36 M/s, Resolution: 1280x720
Name: 风云剧场-NPTV, URL: http://guyue0227.eicp.net:35455/nptv/fyjc.m3u8, IPv_Type: ipv4, Location: 中国-上海-上海, ISP: 电信, Date: None, Delay: 46 ms, Speed: 10.48 M/s, Resolution: 1280x720
Name: 风云剧场-NPTV, URL: http://110.40.43.24:58316/nptv/fyjc.m3u8, IPv_Type: ipv4, Location: 中国-北京-北京, ISP: 诚亿时代网络, Date: None, Delay: 51 ms, Speed: 10.31 M/s, Resolution: 1280x720
Name: 风云剧场-NPTV, URL: http://81.70.10.196:35455/nptv/fyjc.m3u8, IPv_Type: ipv4, Location: 中国-北京-北京, ISP: 腾讯云, Date: None, Delay: 46 ms, Speed: 10.11 M/s, Resolution: 1280x720
Name: 风云剧场-NPTV, URL: http://119.23.222.115:35455/nptv/fyjc.m3u8, IPv_Type: ipv4, Location: 中国-广东-深圳, ISP: 阿里云, Date: None, Delay: 50 ms, Speed: 9.82 M/s, Resolution: 1280x720
Name: 风云剧场-NPTV, URL: http://125.46.85.66:42361/nptv/fyjc.m3u8, IPv_Type: ipv4, Location: 中国-河南-郑州, ISP: 联通, Date: None, Delay: 53 ms, Speed: 9.25 M/s, Resolution: 1280x720
Name: 风云剧场-NPTV, URL: http://111.20.182.2:35455/nptv/fyjc.m3u8, IPv_Type: ipv4, Location: 中国-陕西, ISP: 移动, Date: None, Delay: 51 ms, Speed: 9.20 M/s, Resolution: 1280x720
Name: 风云剧场-NPTV, URL: http://60.204.222.226:35455/nptv/fyjc.m3u8, IPv_Type: ipv4, Location: 中国-上海-上海, ISP: 华为云, Date: None, Delay: 69 ms, Speed: 8.52 M/s, Resolution: 1280x720
Name: 风云剧场-NPTV, URL: http://8.148.5.88:35455/nptv/fyjc.m3u8, IPv_Type: ipv4, Location: 中国, ISP: 阿里云, Date: None, Delay: 74 ms, Speed: 8.40 M/s, Resolution: 1280x720
Name: 风云剧场-NPTV, URL: http://223.167.209.254:35455/nptv/fyjc.m3u8, IPv_Type: ipv4, Location: 中国-上海-上海, ISP: 联通, Date: None, Delay: 223 ms, Speed: 0.00 M/s, Resolution: 1280x720
Name: 风云剧场-NPTV, URL: http://198.23.236.148:35455/nptv/fyjc.m3u8, IPv_Type: ipv4, Location: 美国-纽约州-伊利, ISP: ColoCrossing有限公司, Date: None, Delay: 245 ms, Speed: 0.00 M/s, Resolution: 1280x720
Name: 风云剧场-NPTV, URL: http://117.9.208.32:35455/nptv/fyjc.m3u8, IPv_Type: ipv4, Location: 中国-天津-天津, ISP: 联通, Date: None, Delay: 232 ms, Speed: 0.00 M/s, Resolution: 1280x720
Name: 风云剧场-NPTV, URL: http://110.42.63.51:51396/nptv/fyjc.m3u8, IPv_Type: ipv4, Location: 中国-浙江-宁波, ISP: 电信, Date: None, Delay: 268 ms, Speed: 0.00 M/s, Resolution: 1280x720
Name: 风云剧场-NPTV, URL: http://yemingjkl.x3322.net:35455/nptv/fyjc.m3u8, IPv_Type: ipv4, Location: 中国-湖北-武汉, ISP: 电信, Date: None, Delay: 233 ms, Speed: 0.00 M/s, Resolution: 1280x720
Name: 风云剧场-NPTV, URL: http://42.194.132.65:35455/nptv/fyjc.m3u8, IPv_Type: ipv4, Location: 中国-广东-广州, ISP: 腾讯云, Date: None, Delay: 226 ms, Speed: 0.00 M/s, Resolution: 1280x720
Name: 风云剧场-NPTV, URL: http://222.186.39.21:35466/nptv/fyjc.m3u8, IPv_Type: ipv4, Location: 中国-江苏-镇江, ISP: 电信, Date: None, Delay: 226 ms, Speed: 0.00 M/s, Resolution: 1280x720
Name: 风云剧场-NPTV, URL: http://101.33.125.212:1008/nptv/fyjc.m3u8, IPv_Type: ipv4, Location: 中国-香港, ISP: 腾讯云, Date: None, Delay: 237 ms, Speed: 0.00 M/s, Resolution: 1280x720
Name: 风云剧场-NPTV, URL: http://47.102.149.208:35455/nptv/fyjc.m3u8, IPv_Type: ipv4, Location: 中国-上海-上海, ISP: 阿里云, Date: None, Delay: 230 ms, Speed: 0.00 M/s, Resolution: 1280x720
Name: 怀旧剧场-NPTV, URL: http://110.40.43.24:58316/nptv/hjjc.m3u8, IPv_Type: ipv4, Location: 中国-北京-北京, ISP: 诚亿时代网络, Date: None, Delay: 37 ms, Speed: 11.17 M/s, Resolution: 1280x720
Name: 怀旧剧场-NPTV, URL: http://60.204.222.226:35455/nptv/hjjc.m3u8, IPv_Type: ipv4, Location: 中国-上海-上海, ISP: 华为云, Date: None, Delay: 42 ms, Speed: 11.13 M/s, Resolution: 1280x720
Name: 怀旧剧场-NPTV, URL: http://8.148.5.88:35455/nptv/hjjc.m3u8, IPv_Type: ipv4, Location: 中国, ISP: 阿里云, Date: None, Delay: 40 ms, Speed: 10.62 M/s, Resolution: 1280x720
Name: 怀旧剧场-NPTV, URL: http://ychz.myds.me:35455/nptv/hjjc.m3u8, IPv_Type: ipv4, Location: 中国-山东-济南, ISP: 联通, Date: None, Delay: 54 ms, Speed: 9.55 M/s, Resolution: 1280x720
Name: 怀旧剧场-NPTV, URL: http://guyue0227.eicp.net:35455/nptv/hjjc.m3u8, IPv_Type: ipv4, Location: 中国-上海-上海, ISP: 电信, Date: None, Delay: 45 ms, Speed: 9.44 M/s, Resolution: 1280x720
Name: 怀旧剧场-NPTV, URL: http://111.20.182.2:35455/nptv/hjjc.m3u8, IPv_Type: ipv4, Location: 中国-陕西, ISP: 移动, Date: None, Delay: 45 ms, Speed: 9.41 M/s, Resolution: 1280x720
Name: 怀旧剧场-NPTV, URL: http://125.46.85.66:42361/nptv/hjjc.m3u8, IPv_Type: ipv4, Location: 中国-河南-郑州, ISP: 联通, Date: None, Delay: 58 ms, Speed: 9.39 M/s, Resolution: 1280x720
Name: 怀旧剧场-NPTV, URL: http://81.70.10.196:35455/nptv/hjjc.m3u8, IPv_Type: ipv4, Location: 中国-北京-北京, ISP: 腾讯云, Date: None, Delay: 50 ms, Speed: 9.05 M/s, Resolution: 1280x720
Name: 怀旧剧场-NPTV, URL: http://119.23.222.115:35455/nptv/hjjc.m3u8, IPv_Type: ipv4, Location: 中国-广东-深圳, ISP: 阿里云, Date: None, Delay: 90 ms, Speed: 7.28 M/s, Resolution: 1280x720
Name: 怀旧剧场-NPTV, URL: http://223.167.209.254:35455/nptv/hjjc.m3u8, IPv_Type: ipv4, Location: 中国-上海-上海, ISP: 联通, Date: None, Delay: 229 ms, Speed: 0.00 M/s, Resolution: 1280x720
Name: 怀旧剧场-NPTV, URL: http://198.23.236.148:35455/nptv/hjjc.m3u8, IPv_Type: ipv4, Location: 美国-纽约州-伊利, ISP: ColoCrossing有限公司, Date: None, Delay: 252 ms, Speed: 0.00 M/s, Resolution: 1280x720
Name: 怀旧剧场-NPTV, URL: http://117.9.208.32:35455/nptv/hjjc.m3u8, IPv_Type: ipv4, Location: 中国-天津-天津, ISP: 联通, Date: None, Delay: 232 ms, Speed: 0.00 M/s, Resolution: 1280x720
Name: 怀旧剧场-NPTV, URL: http://110.42.63.51:51396/nptv/hjjc.m3u8, IPv_Type: ipv4, Location: 中国-浙江-宁波, ISP: 电信, Date: None, Delay: 276 ms, Speed: 0.00 M/s, Resolution: 1280x720
Name: 怀旧剧场-NPTV, URL: http://yemingjkl.x3322.net:35455/nptv/hjjc.m3u8, IPv_Type: ipv4, Location: 中国-湖北-武汉, ISP: 电信, Date: None, Delay: 236 ms, Speed: 0.00 M/s, Resolution: 1280x720
Name: 怀旧剧场-NPTV, URL: http://42.194.132.65:35455/nptv/hjjc.m3u8, IPv_Type: ipv4, Location: 中国-广东-广州, ISP: 腾讯云, Date: None, Delay: 227 ms, Speed: 0.00 M/s, Resolution: 1280x720
Name: 怀旧剧场-NPTV, URL: http://222.186.39.21:35466/nptv/hjjc.m3u8, IPv_Type: ipv4, Location: 中国-江苏-镇江, ISP: 电信, Date: None, Delay: 230 ms, Speed: 0.00 M/s, Resolution: 1280x720
Name: 怀旧剧场-NPTV, URL: http://101.33.125.212:1008/nptv/hjjc.m3u8, IPv_Type: ipv4, Location: 中国-香港, ISP: 腾讯云, Date: None, Delay: 238 ms, Speed: 0.00 M/s, Resolution: 1280x720
Name: 怀旧剧场-NPTV, URL: http://47.102.149.208:35455/nptv/hjjc.m3u8, IPv_Type: ipv4, Location: 中国-上海-上海, ISP: 阿里云, Date: None, Delay: 223 ms, Speed: 0.00 M/s, Resolution: 1280x720
Name: 上视东方影视, URL: http://dsj.jshfgy.cn:8880/mgtv/617290047.m3u8, IPv_Type: ipv6, Location: 美国, ISP: CloudFlare Inc., Date: None, Delay: -1 ms, Speed: 0.00 M/s, Resolution: None
Name: 上视东方影视, URL: http://datastation.lulucloud.de:35455/mgtv/617290047.m3u8, IPv_Type: ipv6, Location: 中国, ISP: 中国移动, Date: None, Delay: -1 ms, Speed: 0.00 M/s, Resolution: None
Name: 江苏影视频道, URL: http://dsj.jshfgy.cn:8880/mgtv/626064697.m3u8, IPv_Type: ipv6, Location: 美国, ISP: CloudFlare Inc., Date: None, Delay: -1 ms, Speed: 0.00 M/s, Resolution: None
Name: 江苏影视频道, URL: http://datastation.lulucloud.de:35455/mgtv/626064697.m3u8, IPv_Type: ipv6, Location: 中国, ISP: 中国移动, Date: None, Delay: -1 ms, Speed: 0.00 M/s, Resolution: None
Name: 青春怀旧剧场, URL: http://dsj.jshfgy.cn:8880/mgtv/617432318.m3u8, IPv_Type: ipv6, Location: 美国, ISP: CloudFlare Inc., Date: None, Delay: -1 ms, Speed: 0.00 M/s, Resolution: None
Name: 青春怀旧剧场, URL: http://datastation.lulucloud.de:35455/mgtv/617432318.m3u8, IPv_Type: ipv6, Location: 中国, ISP: 中国移动, Date: None, Delay: -1 ms, Speed: 0.00 M/s, Resolution: None
Name: 新片放映厅, URL: http://dsj.jshfgy.cn:8880/mgtv/619495952.m3u8, IPv_Type: ipv6, Location: 美国, ISP: CloudFlare Inc., Date: None, Delay: -1 ms, Speed: 0.00 M/s, Resolution: None
Name: 新片放映厅, URL: http://datastation.lulucloud.de:35455/mgtv/619495952.m3u8, IPv_Type: ipv6, Location: 中国, ISP: 中国移动, Date: None, Delay: -1 ms, Speed: 0.00 M/s, Resolution: None
Name: 高清大片, URL: http://dsj.jshfgy.cn:8880/mgtv/629943678.m3u8, IPv_Type: ipv6, Location: 美国, ISP: CloudFlare Inc., Date: None, Delay: -1 ms, Speed: 0.00 M/s, Resolution: None
Name: 高清大片, URL: http://datastation.lulucloud.de:35455/mgtv/629943678.m3u8, IPv_Type: ipv6, Location: 中国, ISP: 中国移动, Date: None, Delay: -1 ms, Speed: 0.00 M/s, Resolution: None
Name: 南方影视, URL: http://dsj.jshfgy.cn:8880/mgtv/614961829.m3u8, IPv_Type: ipv6, Location: 美国, ISP: CloudFlare Inc., Date: None, Delay: -1 ms, Speed: 0.00 M/s, Resolution: None
Name: 南方影视, URL: http://datastation.lulucloud.de:35455/mgtv/614961829.m3u8, IPv_Type: ipv6, Location: 中国, ISP: 中国移动, Date: None, Delay: -1 ms, Speed: 0.00 M/s, Resolution: None
Name: 老故事, URL: http://dsj.jshfgy.cn:8880/mgtv/884121956.m3u8, IPv_Type: ipv6, Location: 美国, ISP: CloudFlare Inc., Date: None, Delay: -1 ms, Speed: 0.00 M/s, Resolution: None
Name: 老故事, URL: http://datastation.lulucloud.de:35455/mgtv/884121956.m3u8, IPv_Type: ipv6, Location: 中国, ISP: 中国移动, Date: None, Delay: -1 ms, Speed: 0.00 M/s, Resolution: None
Name: 发现之旅, URL: http://dsj.jshfgy.cn:8880/mgtv/624878970.m3u8, IPv_Type: ipv6, Location: 美国, ISP: CloudFlare Inc., Date: None, Delay: -1 ms, Speed: 0.00 M/s, Resolution: None
Name: 发现之旅, URL: http://datastation.lulucloud.de:35455/mgtv/624878970.m3u8, IPv_Type: ipv6, Location: 中国, ISP: 中国移动, Date: None, Delay: -1 ms, Speed: 0.00 M/s, Resolution: None
Name: 中学生, URL: http://dsj.jshfgy.cn:8880/mgtv/708869532.m3u8, IPv_Type: ipv6, Location: 美国, ISP: CloudFlare Inc., Date: None, Delay: -1 ms, Speed: 0.00 M/s, Resolution: None
Name: 中学生, URL: http://datastation.lulucloud.de:35455/mgtv/708869532.m3u8, IPv_Type: ipv6, Location: 中国, ISP: 中国移动, Date: None, Delay: -1 ms, Speed: 0.00 M/s, Resolution: None
Name: 深度对话, URL: http://dsj.jshfgy.cn:8880/mgtv/625703337.m3u8, IPv_Type: ipv6, Location: 美国, ISP: CloudFlare Inc., Date: None, Delay: -1 ms, Speed: 0.00 M/s, Resolution: None
Name: 深度对话, URL: http://datastation.lulucloud.de:35455/mgtv/625703337.m3u8, IPv_Type: ipv6, Location: 中国, ISP: 中国移动, Date: None, Delay: -1 ms, Speed: 0.00 M/s, Resolution: None
Name: 最强综艺趴, URL: http://dsj.jshfgy.cn:8880/mgtv/629942228.m3u8, IPv_Type: ipv6, Location: 美国, ISP: CloudFlare Inc., Date: None, Delay: -1 ms, Speed: 0.00 M/s, Resolution: None
Name: 最强综艺趴, URL: http://datastation.lulucloud.de:35455/mgtv/629942228.m3u8, IPv_Type: ipv6, Location: 中国, ISP: 中国移动, Date: None, Delay: -1 ms, Speed: 0.00 M/s, Resolution: None
Name: 新动力量创一流, URL: http://dsj.jshfgy.cn:8880/mgtv/713589837.m3u8, IPv_Type: ipv6, Location: 美国, ISP: CloudFlare Inc., Date: None, Delay: -1 ms, Speed: 0.00 M/s, Resolution: None
Name: 新动力量创一流, URL: http://datastation.lulucloud.de:35455/mgtv/713589837.m3u8, IPv_Type: ipv6, Location: 中国, ISP: 中国移动, Date: None, Delay: -1 ms, Speed: 0.00 M/s, Resolution: None
Name: 五环传奇, URL: http://dsj.jshfgy.cn:8880/mgtv/707671890.m3u8, IPv_Type: ipv6, Location: 美国, ISP: CloudFlare Inc., Date: None, Delay: -1 ms, Speed: 0.00 M/s, Resolution: None
Name: 五环传奇, URL: http://datastation.lulucloud.de:35455/mgtv/707671890.m3u8, IPv_Type: ipv6, Location: 中国, ISP: 中国移动, Date: None, Delay: -1 ms, Speed: 0.00 M/s, Resolution: None
Name: 赛事最经典, URL: http://dsj.jshfgy.cn:8880/mgtv/646596895.m3u8, IPv_Type: ipv6, Location: 美国, ISP: CloudFlare Inc., Date: None, Delay: -1 ms, Speed: 0.00 M/s, Resolution: None
Name: 赛事最经典, URL: http://datastation.lulucloud.de:35455/mgtv/646596895.m3u8, IPv_Type: ipv6, Location: 中国, ISP: 中国移动, Date: None, Delay: -1 ms, Speed: 0.00 M/s, Resolution: None
Name: 掼蛋精英赛, URL: http://dsj.jshfgy.cn:8880/mgtv/631354620.m3u8, IPv_Type: ipv6, Location: 美国, ISP: CloudFlare Inc., Date: None, Delay: -1 ms, Speed: 0.00 M/s, Resolution: None
Name: 掼蛋精英赛, URL: http://datastation.lulucloud.de:35455/mgtv/631354620.m3u8, IPv_Type: ipv6, Location: 中国, ISP: 中国移动, Date: None, Delay: -1 ms, Speed: 0.00 M/s, Resolution: None
Name: 体坛名栏汇, URL: http://dsj.jshfgy.cn:8880/mgtv/629943305.m3u8, IPv_Type: ipv6, Location: 美国, ISP: CloudFlare Inc., Date: None, Delay: -1 ms, Speed: 0.00 M/s, Resolution: None
Name: 体坛名栏汇, URL: http://datastation.lulucloud.de:35455/mgtv/629943305.m3u8, IPv_Type: ipv6, Location: 中国, ISP: 中国移动, Date: None, Delay: -1 ms, Speed: 0.00 M/s, Resolution: None
Name: 咪咕24小时体育台, URL: http://dsj.jshfgy.cn:8880/mgtv/654102378.m3u8, IPv_Type: ipv6, Location: 美国, ISP: CloudFlare Inc., Date: None, Delay: -1 ms, Speed: 0.00 M/s, Resolution: None
Name: 咪咕24小时体育台, URL: http://datastation.lulucloud.de:35455/mgtv/654102378.m3u8, IPv_Type: ipv6, Location: 中国, ISP: 中国移动, Date: None, Delay: -1 ms, Speed: 0.00 M/s, Resolution: None
Name: 咪咕4K-1, URL: http://47.79.36.209:35455/itv/3000000010000005180.m3u8?cdn=FifastbLive, IPv_Type: ipv4, Location: 中国-香港, ISP: 阿里云, Date: None, Delay: 5627 ms, Speed: 4.10 M/s, Resolution: 3840x2160
Name: 咪咕4K-2, URL: http://47.79.36.209:35455/itv/3000000010000015686.m3u8?cdn=FifastbLive, IPv_Type: ipv4, Location: 中国-香港, ISP: 阿里云, Date: None, Delay: 6350 ms, Speed: 4.04 M/s, Resolution: 3840x2160
Name: 咪咕视频_8M1080_咪视通-1, URL: http://222.186.41.26:35455/itv/3000000001000005308.m3u8?cdn=FifastbLive, IPv_Type: ipv4, Location: 中国-江苏-镇江, ISP: 电信, Date: None, Delay: 3666 ms, Speed: 1.85 M/s, Resolution: 1920x1080
Name: 咪咕视频_8M1080_咪视通-1, URL: http://192.210.207.171:35455/itv/3000000001000005308.m3u8?cdn=FifastbLive, IPv_Type: ipv4, Location: 美国-纽约州-伊利, ISP: ColoCrossing有限公司, Date: None, Delay: 4018 ms, Speed: 1.65 M/s, Resolution: 1920x1080
Name: 咪咕视频_8M1080_咪视通-2, URL: http://222.186.41.26:35455/itv/3000000001000005969.m3u8?cdn=FifastbLive, IPv_Type: ipv4, Location: 中国-江苏-镇江, ISP: 电信, Date: None, Delay: 2922 ms, Speed: 1.47 M/s, Resolution: 1920x1080
Name: 咪咕视频_8M1080_咪视通-2, URL: http://47.79.36.209:35455/itv/3000000001000005969.m3u8?cdn=FifastbLive, IPv_Type: ipv4, Location: 中国-香港, ISP: 阿里云, Date: None, Delay: 5295 ms, Speed: 0.30 M/s, Resolution: 1920x1080
Name: 咪咕视频_8M1080_咪视通-3, URL: http://47.79.36.209:35455/itv/3000000001000007218.m3u8?cdn=FifastbLive, IPv_Type: ipv4, Location: 中国-香港, ISP: 阿里云, Date: None, Delay: 1905 ms, Speed: 3.32 M/s, Resolution: 1920x1080
Name: 咪咕视频_8M1080_咪视通-3, URL: http://154.17.234.26:35455/itv/3000000001000007218.m3u8?cdn=FifastbLive, IPv_Type: ipv4, Location: 美国-加利福尼亚州-洛杉矶, ISP: DMIT, Date: None, Delay: 2015 ms, Speed: 3.07 M/s, Resolution: 1920x1080
Name: 咪咕视频_8M1080_咪视通-4, URL: http://47.79.36.209:35455/itv/3000000001000008001.m3u8?cdn=FifastbLive, IPv_Type: ipv4, Location: 中国-香港, ISP: 阿里云, Date: None, Delay: 1911 ms, Speed: 3.33 M/s, Resolution: 1920x1080
Name: 咪咕视频_8M1080_咪视通-4, URL: http://154.17.234.26:35455/itv/3000000001000008001.m3u8?cdn=FifastbLive, IPv_Type: ipv4, Location: 美国-加利福尼亚州-洛杉矶, ISP: DMIT, Date: None, Delay: 2056 ms, Speed: 3.00 M/s, Resolution: 1920x1080
Name: 咪咕视频_8M1080_咪视通-4, URL: http://222.186.41.26:35455/itv/3000000001000008001.m3u8?cdn=FifastbLive, IPv_Type: ipv4, Location: 中国-江苏-镇江, ISP: 电信, Date: None, Delay: 6009 ms, Speed: 1.37 M/s, Resolution: 1920x1080
Name: 咪咕视频_8M1080_咪视通-5, URL: http://47.79.36.209:35455/itv/3000000001000008176.m3u8?cdn=FifastbLive, IPv_Type: ipv4, Location: 中国-香港, ISP: 阿里云, Date: None, Delay: 1968 ms, Speed: 3.21 M/s, Resolution: 1920x1080
Name: 咪咕视频_8M1080_咪视通-5, URL: http://154.17.234.26:35455/itv/3000000001000008176.m3u8?cdn=FifastbLive, IPv_Type: ipv4, Location: 美国-加利福尼亚州-洛杉矶, ISP: DMIT, Date: None, Delay: 2199 ms, Speed: 2.87 M/s, Resolution: 1920x1080
Name: 咪咕视频_8M1080_咪视通-5, URL: http://222.186.41.26:35455/itv/3000000001000008176.m3u8?cdn=FifastbLive, IPv_Type: ipv4, Location: 中国-江苏-镇江, ISP: 电信, Date: None, Delay: 3527 ms, Speed: 1.84 M/s, Resolution: 1920x1080
Name: 咪咕视频_8M1080_咪视通-6, URL: http://47.79.36.209:35455/itv/3000000001000008379.m3u8?cdn=FifastbLive, IPv_Type: ipv4, Location: 中国-香港, ISP: 阿里云, Date: None, Delay: 2211 ms, Speed: 3.04 M/s, Resolution: 1920x1080
Name: 咪咕视频_8M1080_咪视通-6, URL: http://154.17.234.26:35455/itv/3000000001000008379.m3u8?cdn=FifastbLive, IPv_Type: ipv4, Location: 美国-加利福尼亚州-洛杉矶, ISP: DMIT, Date: None, Delay: 2282 ms, Speed: 2.87 M/s, Resolution: 1920x1080
Name: 咪咕视频_8M1080_咪视通-6, URL: http://192.210.207.171:35455/itv/3000000001000008379.m3u8?cdn=FifastbLive, IPv_Type: ipv4, Location: 美国-纽约州-伊利, ISP: ColoCrossing有限公司, Date: None, Delay: 4034 ms, Speed: 1.54 M/s, Resolution: 1920x1080
Name: 咪咕视频_8M1080_咪视通-7, URL: http://47.79.36.209:35455/itv/3000000001000010129.m3u8?cdn=FifastbLive, IPv_Type: ipv4, Location: 中国-香港, ISP: 阿里云, Date: None, Delay: 2004 ms, Speed: 3.21 M/s, Resolution: 1920x1080
Name: 咪咕视频_8M1080_咪视通-7, URL: http://192.210.207.171:35455/itv/3000000001000010129.m3u8?cdn=FifastbLive, IPv_Type: ipv4, Location: 美国-纽约州-伊利, ISP: ColoCrossing有限公司, Date: None, Delay: 4114 ms, Speed: 1.62 M/s, Resolution: 1920x1080
Name: 咪咕视频_8M1080_咪视通-8, URL: http://47.79.36.209:35455/itv/3000000001000010948.m3u8?cdn=FifastbLive, IPv_Type: ipv4, Location: 中国-香港, ISP: 阿里云, Date: None, Delay: 1989 ms, Speed: 3.19 M/s, Resolution: 1920x1080
Name: 咪咕视频_8M1080_咪视通-8, URL: http://154.17.234.26:35455/itv/3000000001000010948.m3u8?cdn=FifastbLive, IPv_Type: ipv4, Location: 美国-加利福尼亚州-洛杉矶, ISP: DMIT, Date: None, Delay: 2351 ms, Speed: 2.80 M/s, Resolution: 1920x1080
Name: 咪咕视频_8M1080_咪视通-8, URL: http://192.210.207.171:35455/itv/3000000001000010948.m3u8?cdn=FifastbLive, IPv_Type: ipv4, Location: 美国-纽约州-伊利, ISP: ColoCrossing有限公司, Date: None, Delay: 4051 ms, Speed: 1.60 M/s, Resolution: 1920x1080
Name: 咪咕视频_8M1080_咪视通-9, URL: http://47.79.36.209:35455/itv/3000000001000028638.m3u8?cdn=FifastbLive, IPv_Type: ipv4, Location: 中国-香港, ISP: 阿里云, Date: None, Delay: 2029 ms, Speed: 3.12 M/s, Resolution: 1920x1080
Name: 咪咕视频_8M1080_咪视通-10, URL: http://47.79.36.209:35455/itv/3000000001000031494.m3u8?cdn=FifastbLive, IPv_Type: ipv4, Location: 中国-香港, ISP: 阿里云, Date: None, Delay: 1975 ms, Speed: 3.20 M/s, Resolution: 1920x1080
Name: 咪咕视频_8M1080_咪视通-11, URL: http://47.79.36.209:35455/itv/3000000010000005837.m3u8?cdn=FifastbLive, IPv_Type: ipv4, Location: 中国-香港, ISP: 阿里云, Date: None, Delay: 2146 ms, Speed: 4.93 M/s, Resolution: 1920x1080
Name: 咪咕视频_8M1080_咪视通-11, URL: http://154.17.234.26:35455/itv/3000000010000005837.m3u8?cdn=FifastbLive, IPv_Type: ipv4, Location: 美国-加利福尼亚州-洛杉矶, ISP: DMIT, Date: None, Delay: 2171 ms, Speed: 4.75 M/s, Resolution: 1920x1080
Name: 咪咕视频_8M1080_咪视通-11, URL: http://101.35.117.94:35455/itv/3000000010000005837.m3u8?cdn=FifastbLive, IPv_Type: ipv4, Location: 中国-上海-上海, ISP: 腾讯云, Date: None, Delay: 3832 ms, Speed: 3.25 M/s, Resolution: 1920x1080
Name: 咪咕视频_8M1080_咪视通-11, URL: http://8.148.5.88:35455/itv/3000000010000005837.m3u8?cdn=FifastbLive, IPv_Type: ipv4, Location: 中国, ISP: 阿里云, Date: None, Delay: 3338 ms, Speed: 3.24 M/s, Resolution: 1920x1080
Name: 咪咕视频_8M1080_咪视通-11, URL: http://222.186.41.26:35455/itv/3000000010000005837.m3u8?cdn=FifastbLive, IPv_Type: ipv4, Location: 中国-江苏-镇江, ISP: 电信, Date: None, Delay: 6161 ms, Speed: 2.09 M/s, Resolution: 1920x1080
Name: 咪咕视频_8M1080_咪视通-11, URL: http://192.210.207.171:35455/itv/3000000010000005837.m3u8?cdn=FifastbLive, IPv_Type: ipv4, Location: 美国-纽约州-伊利, ISP: ColoCrossing有限公司, Date: None, Delay: 5612 ms, Speed: 2.05 M/s, Resolution: 1920x1080
Name: 咪咕视频_8M1080_咪视通-11, URL: http://110.40.43.24:58316/itv/3000000010000005837.m3u8?cdn=FifastbLive, IPv_Type: ipv4, Location: 中国-北京-北京, ISP: 诚亿时代网络, Date: None, Delay: 10142 ms, Speed: 1.21 M/s, Resolution: 1920x1080
Name: 咪咕视频_8M1080_咪视通-11, URL: http://125.46.85.66:42361/itv/3000000010000005837.m3u8?cdn=FifastbLive, IPv_Type: ipv4, Location: 中国-河南-郑州, ISP: 联通, Date: None, Delay: 10774 ms, Speed: 0.67 M/s, Resolution: 1920x1080
Name: 咪咕视频_8M1080_咪视通-11, URL: http://60.204.222.226:35455/itv/3000000010000005837.m3u8?cdn=FifastbLive, IPv_Type: ipv4, Location: 中国-上海-上海, ISP: 华为云, Date: None, Delay: 10528 ms, Speed: 0.62 M/s, Resolution: 1920x1080
Name: 咪咕视频_8M1080_咪视通-11, URL: http://119.23.222.115:35455/itv/3000000010000005837.m3u8?cdn=FifastbLive, IPv_Type: ipv4, Location: 中国-广东-深圳, ISP: 阿里云, Date: None, Delay: 10760 ms, Speed: 0.13 M/s, Resolution: 1920x1080
Name: 咪咕视频_8M1080_咪视通-11, URL: http://81.70.10.196:35455/itv/3000000010000005837.m3u8?cdn=FifastbLive, IPv_Type: ipv4, Location: 中国-北京-北京, ISP: 腾讯云, Date: None, Delay: 10171 ms, Speed: 0.10 M/s, Resolution: None
Name: 咪咕视频_8M1080_咪视通-11, URL: http://ychz.myds.me:35455/itv/3000000010000005837.m3u8?cdn=FifastbLive, IPv_Type: ipv4, Location: 中国-山东-济南, ISP: 联通, Date: None, Delay: 10879 ms, Speed: 0.09 M/s, Resolution: 1920x1080
Name: 咪咕视频_8M1080_咪视通-11, URL: http://guyue0227.eicp.net:35455/itv/3000000010000005837.m3u8?cdn=FifastbLive, IPv_Type: ipv4, Location: 中国-上海-上海, ISP: 电信, Date: None, Delay: 10087 ms, Speed: 0.04 M/s, Resolution: None
Name: 咪咕视频_8M1080_咪视通-11, URL: http://117.50.178.77:35455/itv/3000000010000005837.m3u8?cdn=FifastbLive, IPv_Type: ipv4, Location: 中国-北京-北京, ISP: UCloud, Date: None, Delay: 1108 ms, Speed: 0.00 M/s, Resolution: 1920x1080
Name: 咪咕视频_8M1080_咪视通-11, URL: http://180.213.172.146:35455/itv/3000000010000005837.m3u8?cdn=FifastbLive, IPv_Type: ipv4, Location: 中国-天津-天津, ISP: 电信, Date: None, Delay: 243 ms, Speed: 0.00 M/s, Resolution: None
Name: 咪咕视频_8M1080_咪视通-11, URL: http://223.167.209.254:35455/itv/3000000010000005837.m3u8?cdn=FifastbLive, IPv_Type: ipv4, Location: 中国-上海-上海, ISP: 联通, Date: None, Delay: 227 ms, Speed: 0.00 M/s, Resolution: 1920x1080
Name: 咪咕视频_8M1080_咪视通-11, URL: http://198.23.236.148:35455/itv/3000000010000005837.m3u8?cdn=FifastbLive, IPv_Type: ipv4, Location: 美国-纽约州-伊利, ISP: ColoCrossing有限公司, Date: None, Delay: 258 ms, Speed: 0.00 M/s, Resolution: None
Name: 咪咕视频_8M1080_咪视通-11, URL: http://111.20.182.2:35455/itv/3000000010000005837.m3u8?cdn=FifastbLive, IPv_Type: ipv4, Location: 中国-陕西, ISP: 移动, Date: None, Delay: 453 ms, Speed: 0.00 M/s, Resolution: None
Name: 咪咕视频_8M1080_咪视通-11, URL: http://117.9.208.32:35455/itv/3000000010000005837.m3u8?cdn=FifastbLive, IPv_Type: ipv4, Location: 中国-天津-天津, ISP: 联通, Date: None, Delay: 232 ms, Speed: 0.00 M/s, Resolution: None
Name: 咪咕视频_8M1080_咪视通-11, URL: http://110.42.63.51:51396/itv/3000000010000005837.m3u8?cdn=FifastbLive, IPv_Type: ipv4, Location: 中国-浙江-宁波, ISP: 电信, Date: None, Delay: 273 ms, Speed: 0.00 M/s, Resolution: None
Name: 咪咕视频_8M1080_咪视通-11, URL: http://yemingjkl.x3322.net:35455/itv/3000000010000005837.m3u8?cdn=FifastbLive, IPv_Type: ipv4, Location: 中国-湖北-武汉, ISP: 电信, Date: None, Delay: 240 ms, Speed: 0.00 M/s, Resolution: None
Name: 咪咕视频_8M1080_咪视通-11, URL: http://42.194.132.65:35455/itv/3000000010000005837.m3u8?cdn=FifastbLive, IPv_Type: ipv4, Location: 中国-广东-广州, ISP: 腾讯云, Date: None, Delay: 225 ms, Speed: 0.00 M/s, Resolution: 1920x1080
Name: 咪咕视频_8M1080_咪视通-11, URL: http://222.186.39.21:35466/itv/3000000010000005837.m3u8?cdn=FifastbLive, IPv_Type: ipv4, Location: 中国-江苏-镇江, ISP: 电信, Date: None, Delay: 240 ms, Speed: 0.00 M/s, Resolution: 1920x1080
Name: 咪咕视频_8M1080_咪视通-11, URL: http://101.33.125.212:1008/itv/3000000010000005837.m3u8?cdn=FifastbLive, IPv_Type: ipv4, Location: 中国-香港, ISP: 腾讯云, Date: None, Delay: 237 ms, Speed: 0.00 M/s, Resolution: 1920x1080
Name: 咪咕视频_8M1080_咪视通-11, URL: http://47.102.149.208:35455/itv/3000000010000005837.m3u8?cdn=FifastbLive, IPv_Type: ipv4, Location: 中国-上海-上海, ISP: 阿里云, Date: None, Delay: 223 ms, Speed: 0.00 M/s, Resolution: None
Name: 咪咕视频_8M1080_咪视通-11, URL: http://36.251.58.67:6610/itv/3000000010000005837.m3u8?cdn=FifastbLive, IPv_Type: ipv4, Location: 中国-福建-福州, ISP: 联通, Date: None, Delay: 233 ms, Speed: 0.00 M/s, Resolution: None
Name: 咪咕视频_8M1080_咪视通-12, URL: http://47.79.36.209:35455/itv/3000000020000011518.m3u8?cdn=FifastbLive, IPv_Type: ipv4, Location: 中国-香港, ISP: 阿里云, Date: None, Delay: 2257 ms, Speed: 4.49 M/s, Resolution: 1920x1080
Name: 咪咕视频_8M1080_咪视通-12, URL: http://222.186.41.26:35455/itv/3000000020000011518.m3u8?cdn=FifastbLive, IPv_Type: ipv4, Location: 中国-江苏-镇江, ISP: 电信, Date: None, Delay: 6034 ms, Speed: 2.02 M/s, Resolution: 1920x1080
Name: 咪咕视频_8M1080_咪视通-12, URL: http://192.210.207.171:35455/itv/3000000020000011518.m3u8?cdn=FifastbLive, IPv_Type: ipv4, Location: 美国-纽约州-伊利, ISP: ColoCrossing有限公司, Date: None, Delay: 5300 ms, Speed: 1.98 M/s, Resolution: 1920x1080
Name: 咪咕视频_8M1080_咪视通-13, URL: http://47.79.36.209:35455/itv/3000000020000011519.m3u8?cdn=FifastbLive, IPv_Type: ipv4, Location: 中国-香港, ISP: 阿里云, Date: None, Delay: 2327 ms, Speed: 4.57 M/s, Resolution: 1920x1080
Name: 咪咕视频_8M1080_咪视通-13, URL: http://154.17.234.26:35455/itv/3000000020000011519.m3u8?cdn=FifastbLive, IPv_Type: ipv4, Location: 美国-加利福尼亚州-洛杉矶, ISP: DMIT, Date: None, Delay: 6039 ms, Speed: 2.83 M/s, Resolution: 1920x1080
Name: 咪咕视频_8M1080_咪视通-13, URL: http://222.186.41.26:35455/itv/3000000020000011519.m3u8?cdn=FifastbLive, IPv_Type: ipv4, Location: 中国-江苏-镇江, ISP: 电信, Date: None, Delay: 6386 ms, Speed: 2.13 M/s, Resolution: 1920x1080
Name: 咪咕视频_8M1080_咪视通-14, URL: http://47.79.36.209:35455/itv/3000000020000011520.m3u8?cdn=FifastbLive, IPv_Type: ipv4, Location: 中国-香港, ISP: 阿里云, Date: None, Delay: 3018 ms, Speed: 3.62 M/s, Resolution: 1920x1080
Name: 咪咕视频_8M1080_咪视通-15, URL: http://47.79.36.209:35455/itv/3000000020000011521.m3u8?cdn=FifastbLive, IPv_Type: ipv4, Location: 中国-香港, ISP: 阿里云, Date: None, Delay: 2767 ms, Speed: 3.91 M/s, Resolution: 1920x1080
Name: 咪咕视频_8M1080_咪视通-16, URL: http://47.79.36.209:35455/itv/3000000020000011522.m3u8?cdn=FifastbLive, IPv_Type: ipv4, Location: 中国-香港, ISP: 阿里云, Date: None, Delay: 2915 ms, Speed: 3.61 M/s, Resolution: 1920x1080
Name: 咪咕视频_8M1080_咪视通-17, URL: http://47.79.36.209:35455/itv/3000000020000011523.m3u8?cdn=FifastbLive, IPv_Type: ipv4, Location: 中国-香港, ISP: 阿里云, Date: None, Delay: 2241 ms, Speed: 4.63 M/s, Resolution: 1920x1080
Name: 咪咕视频_8M1080_咪视通-17, URL: http://154.17.234.26:35455/itv/3000000020000011523.m3u8?cdn=FifastbLive, IPv_Type: ipv4, Location: 美国-加利福尼亚州-洛杉矶, ISP: DMIT, Date: None, Delay: 3994 ms, Speed: 3.68 M/s, Resolution: 1920x1080
Name: 咪咕视频_8M1080_咪视通-17, URL: http://192.210.207.171:35455/itv/3000000020000011523.m3u8?cdn=FifastbLive, IPv_Type: ipv4, Location: 美国-纽约州-伊利, ISP: ColoCrossing有限公司, Date: None, Delay: 5501 ms, Speed: 1.92 M/s, Resolution: 1920x1080
Name: 咪咕视频_8M1080_咪视通-18, URL: http://154.17.234.26:35455/itv/3000000020000011524.m3u8?cdn=FifastbLive, IPv_Type: ipv4, Location: 美国-加利福尼亚州-洛杉矶, ISP: DMIT, Date: None, Delay: 2267 ms, Speed: 4.48 M/s, Resolution: 1920x1080
Name: 咪咕视频_8M1080_咪视通-18, URL: http://47.79.36.209:35455/itv/3000000020000011524.m3u8?cdn=FifastbLive, IPv_Type: ipv4, Location: 中国-香港, ISP: 阿里云, Date: None, Delay: 2439 ms, Speed: 4.18 M/s, Resolution: 1920x1080
Name: 咪咕视频_8M1080_咪视通-19, URL: http://154.17.234.26:35455/itv/3000000020000011525.m3u8?cdn=FifastbLive, IPv_Type: ipv4, Location: 美国-加利福尼亚州-洛杉矶, ISP: DMIT, Date: None, Delay: 2390 ms, Speed: 4.32 M/s, Resolution: 1920x1080
Name: 咪咕视频_8M1080_咪视通-19, URL: http://47.79.36.209:35455/itv/3000000020000011525.m3u8?cdn=FifastbLive, IPv_Type: ipv4, Location: 中国-香港, ISP: 阿里云, Date: None, Delay: 2644 ms, Speed: 3.91 M/s, Resolution: 1920x1080
Name: 咪咕视频_8M1080_咪视通-20, URL: http://47.79.36.209:35455/itv/3000000020000011528.m3u8?cdn=FifastbLive, IPv_Type: ipv4, Location: 中国-香港, ISP: 阿里云, Date: None, Delay: 3717 ms, Speed: 3.31 M/s, Resolution: 1920x1080
Name: 咪咕视频_8M1080_咪视通-20, URL: http://154.17.234.26:35455/itv/3000000020000011528.m3u8?cdn=FifastbLive, IPv_Type: ipv4, Location: 美国-加利福尼亚州-洛杉矶, ISP: DMIT, Date: None, Delay: 5871 ms, Speed: 2.99 M/s, Resolution: 1920x1080
Name: 咪咕视频_8M1080_咪视通-20, URL: http://222.186.41.26:35455/itv/3000000020000011528.m3u8?cdn=FifastbLive, IPv_Type: ipv4, Location: 中国-江苏-镇江, ISP: 电信, Date: None, Delay: 7488 ms, Speed: 1.98 M/s, Resolution: 1920x1080
Name: 咪咕视频_8M1080_咪视通-21, URL: http://47.79.36.209:35455/itv/3000000020000011529.m3u8?cdn=FifastbLive, IPv_Type: ipv4, Location: 中国-香港, ISP: 阿里云, Date: None, Delay: 2402 ms, Speed: 4.32 M/s, Resolution: 1920x1080
Name: 咪咕视频_8M1080_咪视通-21, URL: http://154.17.234.26:35455/itv/3000000020000011529.m3u8?cdn=FifastbLive, IPv_Type: ipv4, Location: 美国-加利福尼亚州-洛杉矶, ISP: DMIT, Date: None, Delay: 6358 ms, Speed: 2.07 M/s, Resolution: 1920x1080
Name: 咪咕视频_8M1080_咪视通-22, URL: http://47.79.36.209:35455/itv/3000000020000011530.m3u8?cdn=FifastbLive, IPv_Type: ipv4, Location: 中国-香港, ISP: 阿里云, Date: None, Delay: 2325 ms, Speed: 4.82 M/s, Resolution: 1920x1080
Name: 咪咕视频_8M1080_咪视通-22, URL: http://154.17.234.26:35455/itv/3000000020000011530.m3u8?cdn=FifastbLive, IPv_Type: ipv4, Location: 美国-加利福尼亚州-洛杉矶, ISP: DMIT, Date: None, Delay: 2141 ms, Speed: 4.79 M/s, Resolution: 1920x1080
Name: 咪咕视频_8M1080_咪视通-22, URL: http://222.186.41.26:35455/itv/3000000020000011530.m3u8?cdn=FifastbLive, IPv_Type: ipv4, Location: 中国-江苏-镇江, ISP: 电信, Date: None, Delay: 5166 ms, Speed: 2.41 M/s, Resolution: 1920x1080
Name: 咪咕视频_8M1080_咪视通-23, URL: http://154.17.234.26:35455/itv/3000000020000011531.m3u8?cdn=FifastbLive, IPv_Type: ipv4, Location: 美国-加利福尼亚州-洛杉矶, ISP: DMIT, Date: None, Delay: 6057 ms, Speed: 2.76 M/s, Resolution: 1920x1080
Name: 咪咕视频_8M1080_咪视通-24, URL: http://47.79.36.209:35455/itv/3000000010000000097.m3u8?cdn=FifastbLive, IPv_Type: ipv4, Location: 中国-香港, ISP: 阿里云, Date: None, Delay: 1824 ms, Speed: 2.14 M/s, Resolution: 1920x1080
Name: 咪咕视频_8M1080_咪视通-24, URL: http://154.17.234.26:35455/itv/3000000010000000097.m3u8?cdn=FifastbLive, IPv_Type: ipv4, Location: 美国-加利福尼亚州-洛杉矶, ISP: DMIT, Date: None, Delay: 3123 ms, Speed: 1.48 M/s, Resolution: 1920x1080
Name: 咪咕视频_8M1080_咪视通-24, URL: http://222.186.41.26:35455/itv/3000000010000000097.m3u8?cdn=FifastbLive, IPv_Type: ipv4, Location: 中国-江苏-镇江, ISP: 电信, Date: None, Delay: 3526 ms, Speed: 1.24 M/s, Resolution: 1920x1080
Name: 咪咕视频_8M1080_咪视通-24, URL: http://192.210.207.171:35455/itv/3000000010000000097.m3u8?cdn=FifastbLive, IPv_Type: ipv4, Location: 美国-纽约州-伊利, ISP: ColoCrossing有限公司, Date: None, Delay: 3186 ms, Speed: 1.22 M/s, Resolution: 1920x1080
Name: 咪咕视频_8M1080_咪视通-25, URL: http://47.79.36.209:35455/itv/3000000010000002019.m3u8?cdn=FifastbLive, IPv_Type: ipv4, Location: 中国-香港, ISP: 阿里云, Date: None, Delay: 2066 ms, Speed: 3.24 M/s, Resolution: 1920x1080
Name: 咪咕视频_8M1080_咪视通-25, URL: http://222.186.41.26:35455/itv/3000000010000002019.m3u8?cdn=FifastbLive, IPv_Type: ipv4, Location: 中国-江苏-镇江, ISP: 电信, Date: None, Delay: 4698 ms, Speed: 1.65 M/s, Resolution: 1920x1080
Name: 咪咕视频_8M1080_咪视通-25, URL: http://192.210.207.171:35455/itv/3000000010000002019.m3u8?cdn=FifastbLive, IPv_Type: ipv4, Location: 美国-纽约州-伊利, ISP: ColoCrossing有限公司, Date: None, Delay: 4105 ms, Speed: 1.61 M/s, Resolution: 1920x1080
Name: 咪咕视频_8M1080_咪视通-26, URL: http://47.79.36.209:35455/itv/3000000010000002809.m3u8?cdn=FifastbLive, IPv_Type: ipv4, Location: 中国-香港, ISP: 阿里云, Date: None, Delay: 1797 ms, Speed: 2.17 M/s, Resolution: 1920x1080
Name: 咪咕视频_8M1080_咪视通-26, URL: http://154.17.234.26:35455/itv/3000000010000002809.m3u8?cdn=FifastbLive, IPv_Type: ipv4, Location: 美国-加利福尼亚州-洛杉矶, ISP: DMIT, Date: None, Delay: 2845 ms, Speed: 1.50 M/s, Resolution: 1920x1080
Name: 咪咕视频_8M1080_咪视通-26, URL: http://192.210.207.171:35455/itv/3000000010000002809.m3u8?cdn=FifastbLive, IPv_Type: ipv4, Location: 美国-纽约州-伊利, ISP: ColoCrossing有限公司, Date: None, Delay: 3118 ms, Speed: 1.22 M/s, Resolution: 1920x1080
Name: 咪咕视频_8M1080_咪视通-26, URL: http://222.186.41.26:35455/itv/3000000010000002809.m3u8?cdn=FifastbLive, IPv_Type: ipv4, Location: 中国-江苏-镇江, ISP: 电信, Date: None, Delay: 3561 ms, Speed: 1.07 M/s, Resolution: 1920x1080
Name: 咪咕视频_8M1080_咪视通-27, URL: http://154.17.234.26:35455/itv/3000000010000003915.m3u8?cdn=FifastbLive, IPv_Type: ipv4, Location: 美国-加利福尼亚州-洛杉矶, ISP: DMIT, Date: None, Delay: 1897 ms, Speed: 2.02 M/s, Resolution: 1920x1080
Name: 咪咕视频_8M1080_咪视通-27, URL: http://47.79.36.209:35455/itv/3000000010000003915.m3u8?cdn=FifastbLive, IPv_Type: ipv4, Location: 中国-香港, ISP: 阿里云, Date: None, Delay: 1980 ms, Speed: 2.02 M/s, Resolution: 1920x1080
Name: 咪咕视频_8M1080_咪视通-27, URL: http://192.210.207.171:35455/itv/3000000010000003915.m3u8?cdn=FifastbLive, IPv_Type: ipv4, Location: 美国-纽约州-伊利, ISP: ColoCrossing有限公司, Date: None, Delay: 3065 ms, Speed: 1.31 M/s, Resolution: 1920x1080
Name: 咪咕视频_8M1080_咪视通-27, URL: http://222.186.41.26:35455/itv/3000000010000003915.m3u8?cdn=FifastbLive, IPv_Type: ipv4, Location: 中国-江苏-镇江, ISP: 电信, Date: None, Delay: 3485 ms, Speed: 1.24 M/s, Resolution: 1920x1080
Name: 咪咕视频_8M1080_咪视通-28, URL: http://47.79.36.209:35455/itv/3000000010000004193.m3u8?cdn=FifastbLive, IPv_Type: ipv4, Location: 中国-香港, ISP: 阿里云, Date: None, Delay: 1822 ms, Speed: 2.11 M/s, Resolution: 1920x1080
Name: 咪咕视频_8M1080_咪视通-28, URL: http://154.17.234.26:35455/itv/3000000010000004193.m3u8?cdn=FifastbLive, IPv_Type: ipv4, Location: 美国-加利福尼亚州-洛杉矶, ISP: DMIT, Date: None, Delay: 2244 ms, Speed: 1.79 M/s, Resolution: 1920x1080
Name: 咪咕视频_8M1080_咪视通-28, URL: http://222.186.41.26:35455/itv/3000000010000004193.m3u8?cdn=FifastbLive, IPv_Type: ipv4, Location: 中国-江苏-镇江, ISP: 电信, Date: None, Delay: 3303 ms, Speed: 1.30 M/s, Resolution: 1920x1080
Name: 咪咕视频_8M1080_咪视通-28, URL: http://192.210.207.171:35455/itv/3000000010000004193.m3u8?cdn=FifastbLive, IPv_Type: ipv4, Location: 美国-纽约州-伊利, ISP: ColoCrossing有限公司, Date: None, Delay: 3171 ms, Speed: 1.21 M/s, Resolution: 1920x1080
Name: 咪咕视频_8M1080_咪视通-29, URL: http://47.79.36.209:35455/itv/3000000010000006077.m3u8?cdn=FifastbLive, IPv_Type: ipv4, Location: 中国-香港, ISP: 阿里云, Date: None, Delay: 1845 ms, Speed: 2.11 M/s, Resolution: 1920x1080
Name: 咪咕视频_8M1080_咪视通-29, URL: http://154.17.234.26:35455/itv/3000000010000006077.m3u8?cdn=FifastbLive, IPv_Type: ipv4, Location: 美国-加利福尼亚州-洛杉矶, ISP: DMIT, Date: None, Delay: 1866 ms, Speed: 2.06 M/s, Resolution: 1920x1080
Name: 咪咕视频_8M1080_咪视通-29, URL: http://222.186.41.26:35455/itv/3000000010000006077.m3u8?cdn=FifastbLive, IPv_Type: ipv4, Location: 中国-江苏-镇江, ISP: 电信, Date: None, Delay: 3486 ms, Speed: 1.18 M/s, Resolution: 1920x1080
Name: 咪咕视频_8M1080_咪视通-30, URL: http://47.79.36.209:35455/itv/3000000010000006658.m3u8?cdn=FifastbLive, IPv_Type: ipv4, Location: 中国-香港, ISP: 阿里云, Date: None, Delay: 1817 ms, Speed: 2.14 M/s, Resolution: 1920x1080
Name: 咪咕视频_8M1080_咪视通-30, URL: http://154.17.234.26:35455/itv/3000000010000006658.m3u8?cdn=FifastbLive, IPv_Type: ipv4, Location: 美国-加利福尼亚州-洛杉矶, ISP: DMIT, Date: None, Delay: 1868 ms, Speed: 2.01 M/s, Resolution: 1920x1080
Name: 咪咕视频_8M1080_咪视通-30, URL: http://222.186.41.26:35455/itv/3000000010000006658.m3u8?cdn=FifastbLive, IPv_Type: ipv4, Location: 中国-江苏-镇江, ISP: 电信, Date: None, Delay: 3008 ms, Speed: 1.32 M/s, Resolution: 1920x1080
Name: 咪咕视频_8M1080_咪视通-31, URL: http://47.79.36.209:35455/itv/3000000010000009788.m3u8?cdn=FifastbLive, IPv_Type: ipv4, Location: 中国-香港, ISP: 阿里云, Date: None, Delay: 1958 ms, Speed: 3.37 M/s, Resolution: 1920x1080
Name: 咪咕视频_8M1080_咪视通-31, URL: http://154.17.234.26:35455/itv/3000000010000009788.m3u8?cdn=FifastbLive, IPv_Type: ipv4, Location: 美国-加利福尼亚州-洛杉矶, ISP: DMIT, Date: None, Delay: 4012 ms, Speed: 2.31 M/s, Resolution: 1920x1080
Name: 咪咕视频_8M1080_咪视通-31, URL: http://222.186.41.26:35455/itv/3000000010000009788.m3u8?cdn=FifastbLive, IPv_Type: ipv4, Location: 中国-江苏-镇江, ISP: 电信, Date: None, Delay: 6036 ms, Speed: 1.51 M/s, Resolution: 1920x1080
Name: 咪咕视频_8M1080_咪视通-32, URL: http://47.79.36.209:35455/itv/3000000010000010833.m3u8?cdn=FifastbLive, IPv_Type: ipv4, Location: 中国-香港, ISP: 阿里云, Date: None, Delay: 2004 ms, Speed: 3.18 M/s, Resolution: 1920x1080
Name: 咪咕视频_8M1080_咪视通-32, URL: http://192.210.207.171:35455/itv/3000000010000010833.m3u8?cdn=FifastbLive, IPv_Type: ipv4, Location: 美国-纽约州-伊利, ISP: ColoCrossing有限公司, Date: None, Delay: 4004 ms, Speed: 1.61 M/s, Resolution: 1920x1080
Name: 咪咕视频_8M1080_咪视通-33, URL: http://47.79.36.209:35455/itv/3000000010000011297.m3u8?cdn=FifastbLive, IPv_Type: ipv4, Location: 中国-香港, ISP: 阿里云, Date: None, Delay: 2020 ms, Speed: 2.01 M/s, Resolution: 1920x1080
Name: 咪咕视频_8M1080_咪视通-33, URL: http://222.186.41.26:35455/itv/3000000010000011297.m3u8?cdn=FifastbLive, IPv_Type: ipv4, Location: 中国-江苏-镇江, ISP: 电信, Date: None, Delay: 2809 ms, Speed: 1.41 M/s, Resolution: 1920x1080
Name: 咪咕视频_8M1080_咪视通-33, URL: http://192.210.207.171:35455/itv/3000000010000011297.m3u8?cdn=FifastbLive, IPv_Type: ipv4, Location: 美国-纽约州-伊利, ISP: ColoCrossing有限公司, Date: None, Delay: 3166 ms, Speed: 1.26 M/s, Resolution: 1920x1080
Name: 咪咕视频_8M1080_咪视通-34, URL: http://47.79.36.209:35455/itv/3000000010000011518.m3u8?cdn=FifastbLive, IPv_Type: ipv4, Location: 中国-香港, ISP: 阿里云, Date: None, Delay: 2327 ms, Speed: 4.65 M/s, Resolution: 1920x1080
Name: 咪咕视频_8M1080_咪视通-34, URL: http://222.186.41.26:35455/itv/3000000010000011518.m3u8?cdn=FifastbLive, IPv_Type: ipv4, Location: 中国-江苏-镇江, ISP: 电信, Date: None, Delay: 6328 ms, Speed: 2.06 M/s, Resolution: 1920x1080
Name: 咪咕视频_8M1080_咪视通-34, URL: http://192.210.207.171:35455/itv/3000000010000011518.m3u8?cdn=FifastbLive, IPv_Type: ipv4, Location: 美国-纽约州-伊利, ISP: ColoCrossing有限公司, Date: None, Delay: 5426 ms, Speed: 1.93 M/s, Resolution: 1920x1080
Name: 咪咕视频_8M1080_咪视通-35, URL: http://47.79.36.209:35455/itv/3000000010000012558.m3u8?cdn=FifastbLive, IPv_Type: ipv4, Location: 中国-香港, ISP: 阿里云, Date: None, Delay: 1835 ms, Speed: 2.16 M/s, Resolution: 1920x1080
Name: 咪咕视频_8M1080_咪视通-35, URL: http://154.17.234.26:35455/itv/3000000010000012558.m3u8?cdn=FifastbLive, IPv_Type: ipv4, Location: 美国-加利福尼亚州-洛杉矶, ISP: DMIT, Date: None, Delay: 1903 ms, Speed: 1.98 M/s, Resolution: 1920x1080
Name: 咪咕视频_8M1080_咪视通-35, URL: http://192.210.207.171:35455/itv/3000000010000012558.m3u8?cdn=FifastbLive, IPv_Type: ipv4, Location: 美国-纽约州-伊利, ISP: ColoCrossing有限公司, Date: None, Delay: 3014 ms, Speed: 1.29 M/s, Resolution: 1920x1080
Name: 咪咕视频_8M1080_咪视通-35, URL: http://222.186.41.26:35455/itv/3000000010000012558.m3u8?cdn=FifastbLive, IPv_Type: ipv4, Location: 中国-江苏-镇江, ISP: 电信, Date: None, Delay: 3575 ms, Speed: 1.21 M/s, Resolution: 1920x1080
Name: 咪咕视频_8M1080_咪视通-36, URL: http://47.79.36.209:35455/itv/3000000010000012616.m3u8?cdn=FifastbLive, IPv_Type: ipv4, Location: 中国-香港, ISP: 阿里云, Date: None, Delay: 2066 ms, Speed: 3.21 M/s, Resolution: 1920x1080
Name: 咪咕视频_8M1080_咪视通-36, URL: http://154.17.234.26:35455/itv/3000000010000012616.m3u8?cdn=FifastbLive, IPv_Type: ipv4, Location: 美国-加利福尼亚州-洛杉矶, ISP: DMIT, Date: None, Delay: 2035 ms, Speed: 3.21 M/s, Resolution: 1920x1080
Name: 咪咕视频_8M1080_咪视通-36, URL: http://222.186.41.26:35455/itv/3000000010000012616.m3u8?cdn=FifastbLive, IPv_Type: ipv4, Location: 中国-江苏-镇江, ISP: 电信, Date: None, Delay: 3449 ms, Speed: 1.90 M/s, Resolution: 1920x1080
Name: 咪咕视频_8M1080_咪视通-36, URL: http://192.210.207.171:35455/itv/3000000010000012616.m3u8?cdn=FifastbLive, IPv_Type: ipv4, Location: 美国-纽约州-伊利, ISP: ColoCrossing有限公司, Date: None, Delay: 3923 ms, Speed: 1.67 M/s, Resolution: 1920x1080
Name: 咪咕视频_8M1080_咪视通-37, URL: http://154.17.234.26:35455/itv/3000000010000015470.m3u8?cdn=FifastbLive, IPv_Type: ipv4, Location: 美国-加利福尼亚州-洛杉矶, ISP: DMIT, Date: None, Delay: 4395 ms, Speed: 2.36 M/s, Resolution: 1920x1080
Name: 咪咕视频_8M1080_咪视通-37, URL: http://222.186.41.26:35455/itv/3000000010000015470.m3u8?cdn=FifastbLive, IPv_Type: ipv4, Location: 中国-江苏-镇江, ISP: 电信, Date: None, Delay: 7059 ms, Speed: 1.37 M/s, Resolution: 1920x1080
Name: 咪咕视频_8M1080_咪视通-38, URL: http://47.79.36.209:35455/itv/3000000010000015560.m3u8?cdn=FifastbLive, IPv_Type: ipv4, Location: 中国-香港, ISP: 阿里云, Date: None, Delay: 1864 ms, Speed: 2.13 M/s, Resolution: 1920x1080
Name: 咪咕视频_8M1080_咪视通-38, URL: http://154.17.234.26:35455/itv/3000000010000015560.m3u8?cdn=FifastbLive, IPv_Type: ipv4, Location: 美国-加利福尼亚州-洛杉矶, ISP: DMIT, Date: None, Delay: 1931 ms, Speed: 2.03 M/s, Resolution: 1920x1080
Name: 咪咕视频_8M1080_咪视通-38, URL: http://192.210.207.171:35455/itv/3000000010000015560.m3u8?cdn=FifastbLive, IPv_Type: ipv4, Location: 美国-纽约州-伊利, ISP: ColoCrossing有限公司, Date: None, Delay: 3166 ms, Speed: 1.32 M/s, Resolution: 1920x1080
Name: 咪咕视频_8M1080_咪视通-38, URL: http://222.186.41.26:35455/itv/3000000010000015560.m3u8?cdn=FifastbLive, IPv_Type: ipv4, Location: 中国-江苏-镇江, ISP: 电信, Date: None, Delay: 2932 ms, Speed: 1.31 M/s, Resolution: 1920x1080
Name: 咪咕视频_8M1080_咪视通-39, URL: http://154.17.234.26:35455/itv/3000000010000017678.m3u8?cdn=FifastbLive, IPv_Type: ipv4, Location: 美国-加利福尼亚州-洛杉矶, ISP: DMIT, Date: None, Delay: 4094 ms, Speed: 2.25 M/s, Resolution: 1920x1080
Name: 咪咕视频_8M1080_咪视通-39, URL: http://222.186.41.26:35455/itv/3000000010000017678.m3u8?cdn=FifastbLive, IPv_Type: ipv4, Location: 中国-江苏-镇江, ISP: 电信, Date: None, Delay: 3301 ms, Speed: 2.00 M/s, Resolution: 1920x1080
Name: 咪咕视频_8M1080_咪视通-39, URL: http://192.210.207.171:35455/itv/3000000010000017678.m3u8?cdn=FifastbLive, IPv_Type: ipv4, Location: 美国-纽约州-伊利, ISP: ColoCrossing有限公司, Date: None, Delay: 4190 ms, Speed: 1.59 M/s, Resolution: 1920x1080
Name: 咪咕视频_8M1080_咪视通-40, URL: http://154.17.234.26:35455/itv/3000000010000019839.m3u8?cdn=FifastbLive, IPv_Type: ipv4, Location: 美国-加利福尼亚州-洛杉矶, ISP: DMIT, Date: None, Delay: 4509 ms, Speed: 2.12 M/s, Resolution: 1920x1080
Name: 咪咕视频_8M1080_咪视通-40, URL: http://222.186.41.26:35455/itv/3000000010000019839.m3u8?cdn=FifastbLive, IPv_Type: ipv4, Location: 中国-江苏-镇江, ISP: 电信, Date: None, Delay: 3588 ms, Speed: 1.96 M/s, Resolution: 1920x1080
Name: 咪咕视频_8M1080_咪视通-40, URL: http://192.210.207.171:35455/itv/3000000010000019839.m3u8?cdn=FifastbLive, IPv_Type: ipv4, Location: 美国-纽约州-伊利, ISP: ColoCrossing有限公司, Date: None, Delay: 3917 ms, Speed: 1.66 M/s, Resolution: 1920x1080
Name: 咪咕视频_8M1080_咪视通-41, URL: http://47.79.36.209:35455/itv/3000000010000021904.m3u8?cdn=FifastbLive, IPv_Type: ipv4, Location: 中国-香港, ISP: 阿里云, Date: None, Delay: 1827 ms, Speed: 2.16 M/s, Resolution: 1920x1080
Name: 咪咕视频_8M1080_咪视通-41, URL: http://154.17.234.26:35455/itv/3000000010000021904.m3u8?cdn=FifastbLive, IPv_Type: ipv4, Location: 美国-加利福尼亚州-洛杉矶, ISP: DMIT, Date: None, Delay: 2867 ms, Speed: 1.65 M/s, Resolution: 1920x1080
Name: 咪咕视频_8M1080_咪视通-41, URL: http://192.210.207.171:35455/itv/3000000010000021904.m3u8?cdn=FifastbLive, IPv_Type: ipv4, Location: 美国-纽约州-伊利, ISP: ColoCrossing有限公司, Date: None, Delay: 3165 ms, Speed: 1.26 M/s, Resolution: 1920x1080
Name: 咪咕视频_8M1080_咪视通-41, URL: http://222.186.41.26:35455/itv/3000000010000021904.m3u8?cdn=FifastbLive, IPv_Type: ipv4, Location: 中国-江苏-镇江, ISP: 电信, Date: None, Delay: 3471 ms, Speed: 1.23 M/s, Resolution: 1920x1080
Name: 咪咕视频_8M1080_咪视通-42, URL: http://47.79.36.209:35455/itv/3000000010000023434.m3u8?cdn=FifastbLive, IPv_Type: ipv4, Location: 中国-香港, ISP: 阿里云, Date: None, Delay: 1854 ms, Speed: 2.12 M/s, Resolution: 1920x1080
Name: 咪咕视频_8M1080_咪视通-42, URL: http://154.17.234.26:35455/itv/3000000010000023434.m3u8?cdn=FifastbLive, IPv_Type: ipv4, Location: 美国-加利福尼亚州-洛杉矶, ISP: DMIT, Date: None, Delay: 2804 ms, Speed: 1.75 M/s, Resolution: 1920x1080
Name: 咪咕视频_8M1080_咪视通-42, URL: http://222.186.41.26:35455/itv/3000000010000023434.m3u8?cdn=FifastbLive, IPv_Type: ipv4, Location: 中国-江苏-镇江, ISP: 电信, Date: None, Delay: 2766 ms, Speed: 1.45 M/s, Resolution: 1920x1080
Name: 咪咕视频_8M1080_咪视通-43, URL: http://47.79.36.209:35455/itv/3000000010000025380.m3u8?cdn=FifastbLive, IPv_Type: ipv4, Location: 中国-香港, ISP: 阿里云, Date: None, Delay: 2033 ms, Speed: 3.26 M/s, Resolution: 1920x1080
Name: 咪咕视频_8M1080_咪视通-44, URL: http://47.79.36.209:35455/itv/3000000010000027691.m3u8?cdn=FifastbLive, IPv_Type: ipv4, Location: 中国-香港, ISP: 阿里云, Date: None, Delay: 1890 ms, Speed: 2.10 M/s, Resolution: 1920x1080
Name: 咪咕视频_8M1080_咪视通-44, URL: http://154.17.234.26:35455/itv/3000000010000027691.m3u8?cdn=FifastbLive, IPv_Type: ipv4, Location: 美国-加利福尼亚州-洛杉矶, ISP: DMIT, Date: None, Delay: 2204 ms, Speed: 1.83 M/s, Resolution: 1920x1080
Name: 咪咕视频_8M1080_咪视通-44, URL: http://192.210.207.171:35455/itv/3000000010000027691.m3u8?cdn=FifastbLive, IPv_Type: ipv4, Location: 美国-纽约州-伊利, ISP: ColoCrossing有限公司, Date: None, Delay: 3165 ms, Speed: 1.27 M/s, Resolution: 1920x1080
Name: 咪咕视频_8M1080_咪视通-44, URL: http://222.186.41.26:35455/itv/3000000010000027691.m3u8?cdn=FifastbLive, IPv_Type: ipv4, Location: 中国-江苏-镇江, ISP: 电信, Date: None, Delay: 3341 ms, Speed: 1.25 M/s, Resolution: 1920x1080
Name: 咪咕视频_8M1080_咪视通-45, URL: http://47.79.36.209:35455/itv/3000000010000031669.m3u8?cdn=FifastbLive, IPv_Type: ipv4, Location: 中国-香港, ISP: 阿里云, Date: None, Delay: 2225 ms, Speed: 4.81 M/s, Resolution: 1920x1080
