分类: 📺央视频道, 名称: CCTV-1, 有效: 5, IPv4: 293, IPv6: 0, 最小延迟: 552 ms, 最高速率: 7.04 M/s, 平均速率: 5.98 M/s, 最高分辨率: 1920x1080, 平均帧率: 未知, 视频编解码器: 未知, 音频编解码器: 未知
分类: 📺央视频道, 名称: CCTV-2, 有效: 5, IPv4: 280, IPv6: 0, 最小延迟: 387 ms, 最高速率: 7.00 M/s, 平均速率: 4.74 M/s, 最高分辨率: 1920x1080, 平均帧率: 未知, 视频编解码器: 未知, 音频编解码器: 未知
分类: 📺央视频道, 名称: CCTV-3, 有效: 5, IPv4: 280, IPv6: 0, 最小延迟: 428 ms, 最高速率: 7.59 M/s, 平均速率: 6.01 M/s, 最高分辨率: 1920x1080, 平均帧率: 未知, 视频编解码器: 未知, 音频编解码器: 未知
分类: 📺央视频道, 名称: CCTV-5, 有效: 5, IPv4: 286, IPv6: 0, 最小延迟: 456 ms, 最高速率: 7.51 M/s, 平均速率: 5.35 M/s, 最高分辨率: 1920x1080, 平均帧率: 未知, 视频编解码器: 未知, 音频编解码器: 未知
分类: 📺央视频道, 名称: CCTV-4, 有效: 5, IPv4: 352, IPv6: 0, 最小延迟: 437 ms, 最高速率: 6.79 M/s, 平均速率: 4.17 M/s, 最高分辨率: 1920x1080, 平均帧率: 50.00, 视频编解码器: h264, 音频编解码器: mp2
分类: 📺央视频道, 名称: CCTV-5+, 有效: 5, IPv4: 190, IPv6: 0, 最小延迟: 571 ms, 最高速率: 7.60 M/s, 平均速率: 5.50 M/s, 最高分辨率: 1920x1080, 平均帧率: 未知, 视频编解码器: 未知, 音频编解码器: 未知
分类: 📺央视频道, 名称: CCTV-6, 有效: 5, IPv4: 274, IPv6: 0, 最小延迟: 395 ms, 最高速率: 7.25 M/s, 平均速率: 5.98 M/s, 最高分辨率: 1920x1080, 平均帧率: 未知, 视频编解码器: 未知, 音频编解码器: 未知
分类: 📺央视频道, 名称: CCTV-7, 有效: 5, IPv4: 256, IPv6: 0, 最小延迟: 394 ms, 最高速率: 5.94 M/s, 平均速率: 3.96 M/s, 最高分辨率: 1920x1080, 平均帧率: 未知, 视频编解码器: 未知, 音频编解码器: 未知
分类: 📺央视频道, 名称: CCTV-8, 有效: 5, IPv4: 272, IPv6: 0, 最小延迟: 556 ms, 最高速率: 7.40 M/s, 平均速率: 5.36 M/s, 最高分辨率: 1920x1080, 平均帧率: 未知, 视频编解码器: 未知, 音频编解码器: 未知
分类: 📺央视频道, 名称: CCTV-9, 有效: 5, IPv4: 266, IPv6: 0, 最小延迟: 526 ms, 最高速率: 7.53 M/s, 平均速率: 6.48 M/s, 最高分辨率: 1920x1080, 平均帧率: 未知, 视频编解码器: 未知, 音频编解码器: 未知
分类: 📺央视频道, 名称: CCTV-10, 有效: 5, IPv4: 274, IPv6: 0, 最小延迟: 524 ms, 最高速率: 7.29 M/s, 平均速率: 5.38 M/s, 最高分辨率: 1280x720, 平均帧率: 未知, 视频编解码器: 未知, 音频编解码器: 未知
分类: 📺央视频道, 名称: CCTV-11, 有效: 5, IPv4: 246, IPv6: 0, 最小延迟: 395 ms, 最高速率: 7.50 M/s, 平均速率: 5.46 M/s, 最高分辨率: 1920x1080, 平均帧率: 未知, 视频编解码器: 未知, 音频编解码器: 未知
分类: 📺央视频道, 名称: CCTV-13, 有效: 5, IPv4: 265, IPv6: 0, 最小延迟: 355 ms, 最高速率: 7.75 M/s, 平均速率: 5.26 M/s, 最高分辨率: 1920x1080, 平均帧率: 未知, 视频编解码器: 未知, 音频编解码器: 未知
分类: 📺央视频道, 名称: CCTV-14, 有效: 5, IPv4: 246, IPv6: 0, 最小延迟: 384 ms, 最高速率: 6.96 M/s, 平均速率: 4.07 M/s, 最高分辨率: 1920x1080, 平均帧率: 未知, 视频编解码器: 未知, 音频编解码器: 未知
分类: 📺央视频道, 名称: CCTV-15, 有效: 5, IPv4: 246, IPv6: 0, 最小延迟: 366 ms, 最高速率: 7.73 M/s, 平均速率: 5.16 M/s, 最高分辨率: 1920x1080, 平均帧率: 未知, 视频编解码器: 未知, 音频编解码器: 未知
分类: 📺央视频道, 名称: CCTV-12, 有效: 5, IPv4: 258, IPv6: 0, 最小延迟: 352 ms, 最高速率: 7.39 M/s, 平均速率: 4.07 M/s, 最高分辨率: 1920x1080, 平均帧率: 25.00, 视频编解码器: h264, 音频编解码器: aac
分类: 📺央视频道, 名称: CCTV-16, 有效: 5, IPv4: 126, IPv6: 0, 最小延迟: 423 ms, 最高速率: 7.52 M/s, 平均速率: 5.56 M/s, 最高分辨率: 1920x1080, 平均帧率: 未知, 视频编解码器: 未知, 音频编解码器: 未知
分类: 📺央视频道, 名称: CCTV-17, 有效: 5, IPv4: 194, IPv6: 0, 最小延迟: 355 ms, 最高速率: 7.46 M/s, 平均速率: 4.92 M/s, 最高分辨率: 1920x1080, 平均帧率: 未知, 视频编解码器: 未知, 音频编解码器: 未知
分类: 📺央视频道, 名称: CETV-3, 有效: 3, IPv4: 4, IPv6: 0, 最小延迟: 503 ms, 最高速率: 5.18 M/s, 平均速率: 2.28 M/s, 最高分辨率: 1280x720, 平均帧率: 25.00, 视频编解码器: h264, 音频编解码器: aac
分类: 📺央视频道, 名称: CETV-1, 有效: 1, IPv4: 9, IPv6: 0, 最小延迟: 635 ms, 最高速率: 8.32 M/s, 平均速率: 8.32 M/s, 最高分辨率: 1920x1080, 平均帧率: 25.00, 视频编解码器: h264, 音频编解码器: aac
分类: 📺央视频道, 名称: CETV-2, 有效: 1, IPv4: 4, IPv6: 0, 最小延迟: 518 ms, 最高速率: 5.08 M/s, 平均速率: 5.08 M/s, 最高分辨率: 1280x720, 平均帧率: 25.00, 视频编解码器: h264, 音频编解码器: aac
分类: 📺央视频道, 名称: CETV-4, 有效: 1, IPv4: 7, IPv6: 0, 最小延迟: 520 ms, 最高速率: 5.19 M/s, 平均速率: 5.19 M/s, 最高分辨率: 1920x1080, 平均帧率: 25.00, 视频编解码器: h264, 音频编解码器: aac
分类: 📡卫视频道, 名称: 凤凰资讯, 有效: 2, IPv4: 51, IPv6: 0, 最小延迟: 89 ms, 最高速率: 80.40 M/s, 平均速率: 2.40 M/s, 最高分辨率: 1920x1080, 平均帧率: 30.00, 视频编解码器: h264, 音频编解码器: aac
分类: 📡卫视频道, 名称: 凤凰中文, 有效: 4, IPv4: 56, IPv6: 0, 最小延迟: 125 ms, 最高速率: 43.66 M/s, 平均速率: 1.65 M/s, 最高分辨率: 1920x1080, 平均帧率: 31.25, 视频编解码器: h264, 音频编解码器: aac
分类: 📡卫视频道, 名称: 广东卫视, 有效: 5, IPv4: 238, IPv6: 0, 最小延迟: 544 ms, 最高速率: 7.98 M/s, 平均速率: 6.02 M/s, 最高分辨率: 1920x1080, 平均帧率: 未知, 视频编解码器: 未知, 音频编解码器: 未知
分类: 📡卫视频道, 名称: 凤凰香港, 有效: 2, IPv4: 40, IPv6: 0, 最小延迟: 148 ms, 最高速率: 34.48 M/s, 平均速率: 2.27 M/s, 最高分辨率: 1920x1080, 平均帧率: 26.67, 视频编解码器: h264, 音频编解码器: aac
分类: 📡卫视频道, 名称: 浙江卫视, 有效: 5, IPv4: 222, IPv6: 0, 最小延迟: 549 ms, 最高速率: 7.70 M/s, 平均速率: 5.22 M/s, 最高分辨率: 1920x1080, 平均帧率: 未知, 视频编解码器: 未知, 音频编解码器: 未知
分类: 📡卫视频道, 名称: 北京卫视, 有效: 5, IPv4: 237, IPv6: 0, 最小延迟: 389 ms, 最高速率: 6.60 M/s, 平均速率: 5.61 M/s, 最高分辨率: 1920x1080, 平均帧率: 未知, 视频编解码器: 未知, 音频编解码器: 未知
分类: 📡卫视频道, 名称: 东方卫视, 有效: 5, IPv4: 210, IPv6: 0, 最小延迟: 168 ms, 最高速率: 13.15 M/s, 平均速率: 7.66 M/s, 最高分辨率: 1920x1080, 平均帧率: 未知, 视频编解码器: 未知, 音频编解码器: 未知
分类: 📡卫视频道, 名称: 湖南卫视, 有效: 5, IPv4: 229, IPv6: 0, 最小延迟: 341 ms, 最高速率: 6.30 M/s, 平均速率: 4.48 M/s, 最高分辨率: 1920x1080, 平均帧率: 未知, 视频编解码器: 未知, 音频编解码器: 未知
分类: 📡卫视频道, 名称: 香港卫视, 有效: 0, IPv4: 11, IPv6: 0, 最小延迟: 3 ms, 最高速率: 84.18 M/s, 平均速率: 0.00 M/s, 最高分辨率: 1280x720, 平均帧率: 25.00, 视频编解码器: rawvideo, 音频编解码器: aac
分类: 📡卫视频道, 名称: 安徽卫视, 有效: 5, IPv4: 180, IPv6: 0, 最小延迟: 670 ms, 最高速率: 6.47 M/s, 平均速率: 6.04 M/s, 最高分辨率: 1920x1080, 平均帧率: 42.86, 视频编解码器: h264, 音频编解码器: mp2
分类: 📡卫视频道, 名称: 湖北卫视, 有效: 5, IPv4: 222, IPv6: 0, 最小延迟: 575 ms, 最高速率: 7.28 M/s, 平均速率: 5.85 M/s, 最高分辨率: 1920x1080, 平均帧率: 未知, 视频编解码器: 未知, 音频编解码器: 未知
分类: 📡卫视频道, 名称: 东南卫视, 有效: 5, IPv4: 188, IPv6: 0, 最小延迟: 939 ms, 最高速率: 5.94 M/s, 平均速率: 4.32 M/s, 最高分辨率: 1920x1080, 平均帧率: 未知, 视频编解码器: 未知, 音频编解码器: 未知
分类: 📡卫视频道, 名称: 甘肃卫视, 有效: 5, IPv4: 115, IPv6: 0, 最小延迟: 546 ms, 最高速率: 5.85 M/s, 平均速率: 5.20 M/s, 最高分辨率: 1920x1080, 平均帧率: 未知, 视频编解码器: 未知, 音频编解码器: 未知
分类: 📡卫视频道, 名称: 重庆卫视, 有效: 5, IPv4: 195, IPv6: 0, 最小延迟: 62 ms, 最高速率: 61.68 M/s, 平均速率: 4.56 M/s, 最高分辨率: 1920x1080, 平均帧率: 27.78, 视频编解码器: h264, 音频编解码器: mp2
分类: 📡卫视频道, 名称: 广西卫视, 有效: 5, IPv4: 178, IPv6: 0, 最小延迟: 81 ms, 最高速率: 48.90 M/s, 平均速率: 5.84 M/s, 最高分辨率: 1920x1080, 平均帧率: 30.56, 视频编解码器: h264, 音频编解码器: mp2
分类: 📡卫视频道, 名称: 贵州卫视, 有效: 5, IPv4: 189, IPv6: 0, 最小延迟: 60 ms, 最高速率: 68.34 M/s, 平均速率: 4.32 M/s, 最高分辨率: 1920x1080, 平均帧率: 36.54, 视频编解码器: h264, 音频编解码器: mp2
分类: 📡卫视频道, 名称: 海南卫视, 有效: 4, IPv4: 146, IPv6: 0, 最小延迟: 60 ms, 最高速率: 66.28 M/s, 平均速率: 2.17 M/s, 最高分辨率: 1920x1080, 平均帧率: 27.08, 视频编解码器: h264, 音频编解码器: mp2
分类: 📡卫视频道, 名称: 河南卫视, 有效: 5, IPv4: 203, IPv6: 0, 最小延迟: 12 ms, 最高速率: 54.52 M/s, 平均速率: 16.11 M/s, 最高分辨率: 1920x1080, 平均帧率: 未知, 视频编解码器: 未知, 音频编解码器: 未知
分类: 📡卫视频道, 名称: 河北卫视, 有效: 4, IPv4: 168, IPv6: 0, 最小延迟: 4 ms, 最高速率: 63.84 M/s, 平均速率: 6.95 M/s, 最高分辨率: 1920x1080, 平均帧率: 28.85, 视频编解码器: h264, 音频编解码器: mp2
分类: 📡卫视频道, 名称: 吉林卫视, 有效: 5, IPv4: 164, IPv6: 0, 最小延迟: 258 ms, 最高速率: 33.22 M/s, 平均速率: 5.81 M/s, 最高分辨率: 1920x1080, 平均帧率: 28.12, 视频编解码器: h264, 音频编解码器: mp2
分类: 📡卫视频道, 名称: 江苏卫视, 有效: 5, IPv4: 232, IPv6: 0, 最小延迟: 548 ms, 最高速率: 6.90 M/s, 平均速率: 6.52 M/s, 最高分辨率: 1920x1080, 平均帧率: 未知, 视频编解码器: 未知, 音频编解码器: 未知
分类: 📡卫视频道, 名称: 江西卫视, 有效: 5, IPv4: 211, IPv6: 0, 最小延迟: 637 ms, 最高速率: 9.60 M/s, 平均速率: 6.98 M/s, 最高分辨率: 1920x1080, 平均帧率: 未知, 视频编解码器: 未知, 音频编解码器: 未知
分类: 📡卫视频道, 名称: 辽宁卫视, 有效: 5, IPv4: 198, IPv6: 0, 最小延迟: 667 ms, 最高速率: 8.36 M/s, 平均速率: 5.03 M/s, 最高分辨率: 1920x1080, 平均帧率: 未知, 视频编解码器: 未知, 音频编解码器: 未知
分类: 📡卫视频道, 名称: 宁夏卫视, 有效: 5, IPv4: 158, IPv6: 0, 最小延迟: 358 ms, 最高速率: 7.35 M/s, 平均速率: 6.02 M/s, 最高分辨率: 1920x1080, 平均帧率: 未知, 视频编解码器: 未知, 音频编解码器: 未知
分类: 📡卫视频道, 名称: 青海卫视, 有效: 5, IPv4: 161, IPv6: 0, 最小延迟: 553 ms, 最高速率: 7.36 M/s, 平均速率: 5.67 M/s, 最高分辨率: 1920x1080, 平均帧率: 未知, 视频编解码器: 未知, 音频编解码器: 未知
分类: 📡卫视频道, 名称: 内蒙古卫视, 有效: 5, IPv4: 111, IPv6: 0, 最小延迟: 310 ms, 最高速率: 6.91 M/s, 平均速率: 5.53 M/s, 最高分辨率: 1920x1080, 平均帧率: 50.00, 视频编解码器: h264, 音频编解码器: mp2
分类: 📡卫视频道, 名称: 山东卫视, 有效: 5, IPv4: 182, IPv6: 0, 最小延迟: 545 ms, 最高速率: 7.74 M/s, 平均速率: 6.26 M/s, 最高分辨率: 1920x1080, 平均帧率: 未知, 视频编解码器: 未知, 音频编解码器: 未知
分类: 📡卫视频道, 名称: 陕西卫视, 有效: 5, IPv4: 156, IPv6: 0, 最小延迟: 558 ms, 最高速率: 7.58 M/s, 平均速率: 6.72 M/s, 最高分辨率: 1920x1080, 平均帧率: 未知, 视频编解码器: 未知, 音频编解码器: 未知
分类: 📡卫视频道, 名称: 四川卫视, 有效: 5, IPv4: 190, IPv6: 0, 最小延迟: 387 ms, 最高速率: 6.88 M/s, 平均速率: 5.01 M/s, 最高分辨率: 1920x1080, 平均帧率: 未知, 视频编解码器: 未知, 音频编解码器: 未知
分类: 📡卫视频道, 名称: 山西卫视, 有效: 5, IPv4: 133, IPv6: 0, 最小延迟: 704 ms, 最高速率: 18.06 M/s, 平均速率: 7.53 M/s, 最高分辨率: 1920x1080, 平均帧率: 25.00, 视频编解码器: h264, 音频编解码器: aac
分类: 📡卫视频道, 名称: 深圳卫视, 有效: 5, IPv4: 193, IPv6: 0, 最小延迟: 598 ms, 最高速率: 7.17 M/s, 平均速率: 6.17 M/s, 最高分辨率: 1920x1080, 平均帧率: 未知, 视频编解码器: 未知, 音频编解码器: 未知
分类: 📡卫视频道, 名称: 天津卫视, 有效: 6, IPv4: 181, IPv6: 0, 最小延迟: 538 ms, 最高速率: 7.69 M/s, 平均速率: 6.64 M/s, 最高分辨率: 1920x1080, 平均帧率: 25.00, 视频编解码器: h264, 音频编解码器: mp2
分类: 📡卫视频道, 名称: 西藏卫视, 有效: 5, IPv4: 101, IPv6: 0, 最小延迟: 554 ms, 最高速率: 16.73 M/s, 平均速率: 7.96 M/s, 最高分辨率: 1920x1080, 平均帧率: 未知, 视频编解码器: 未知, 音频编解码器: 未知
分类: 📡卫视频道, 名称: 三沙卫视, 有效: 5, IPv4: 48, IPv6: 0, 最小延迟: 366 ms, 最高速率: 26.40 M/s, 平均速率: 3.42 M/s, 最高分辨率: 1920x1080, 平均帧率: 25.00, 视频编解码器: h264, 音频编解码器: mp2
分类: 📡卫视频道, 名称: 云南卫视, 有效: 5, IPv4: 150, IPv6: 0, 最小延迟: 554 ms, 最高速率: 6.93 M/s, 平均速率: 6.02 M/s, 最高分辨率: 1920x1080, 平均帧率: 未知, 视频编解码器: 未知, 音频编解码器: 未知
分类: 📡卫视频道, 名称: 新疆卫视, 有效: 5, IPv4: 126, IPv6: 0, 最小延迟: 658 ms, 最高速率: 6.14 M/s, 平均速率: 5.20 M/s, 最高分辨率: 1920x1080, 平均帧率: 25.00, 视频编解码器: h264, 音频编解码器: mp2
分类: 📡卫视频道, 名称: 黑龙江卫视, 有效: 5, IPv4: 176, IPv6: 0, 最小延迟: 553 ms, 最高速率: 7.41 M/s, 平均速率: 5.90 M/s, 最高分辨率: 1920x1080, 平均帧率: 未知, 视频编解码器: 未知, 音频编解码器: 未知
分类: ☘️广东频道, 名称: 广东珠江, 有效: 5, IPv4: 80, IPv6: 0, 最小延迟: 493 ms, 最高速率: 4.17 M/s, 平均速率: 3.88 M/s, 最高分辨率: 1280x720, 平均帧率: 未知, 视频编解码器: 未知, 音频编解码器: 未知
分类: ☘️广东频道, 名称: 广东新闻, 有效: 5, IPv4: 36, IPv6: 0, 最小延迟: 459 ms, 最高速率: 3.53 M/s, 平均速率: 3.03 M/s, 最高分辨率: 1280x720, 平均帧率: 未知, 视频编解码器: 未知, 音频编解码器: 未知
分类: ☘️广东频道, 名称: 广东体育, 有效: 5, IPv4: 54, IPv6: 0, 最小延迟: 56 ms, 最高速率: 6.43 M/s, 平均速率: 2.77 M/s, 最高分辨率: 1920x1080, 平均帧率: 37.50, 视频编解码器: h264, 音频编解码器: mp2
分类: ☘️广东频道, 名称: 广东民生, 有效: 5, IPv4: 27, IPv6: 0, 最小延迟: 454 ms, 最高速率: 3.45 M/s, 平均速率: 2.81 M/s, 最高分辨率: 1920x1080, 平均帧率: 未知, 视频编解码器: 未知, 音频编解码器: 未知
分类: ☘️广东频道, 名称: 大湾区卫视, 有效: 4, IPv4: 59, IPv6: 0, 最小延迟: 362 ms, 最高速率: 3.51 M/s, 平均速率: 3.00 M/s, 最高分辨率: 1920x1080, 平均帧率: 25.00, 视频编解码器: h264, 音频编解码器: mp2
分类: ☘️湖南频道, 名称: 湖南经视, 有效: 1, IPv4: 10, IPv6: 0, 最小延迟: 1715 ms, 最高速率: 0.66 M/s, 平均速率: 0.66 M/s, 最高分辨率: 1920x1080, 平均帧率: 37.50, 视频编解码器: h264, 音频编解码器: aac
分类: ☘️湖南频道, 名称: 湖南娱乐, 有效: 4, IPv4: 12, IPv6: 0, 最小延迟: 467 ms, 最高速率: 4.25 M/s, 平均速率: 3.43 M/s, 最高分辨率: 1920x1080, 平均帧率: 37.50, 视频编解码器: h264, 音频编解码器: aac
分类: ☘️湖南频道, 名称: 湖南电影, 有效: 0, IPv4: 6, IPv6: 0, 最小延迟: 1476 ms, 最高速率: 0.47 M/s, 平均速率: 0.00 M/s, 最高分辨率: 1920x1080, 平均帧率: 37.50, 视频编解码器: h264, 音频编解码器: aac
分类: ☘️湖南频道, 名称: 湖南电视剧, 有效: 0, IPv4: 7, IPv6: 0, 最小延迟: 1404 ms, 最高速率: 0.86 M/s, 平均速率: 0.00 M/s, 最高分辨率: 1920x1080, 平均帧率: 25.00, 视频编解码器: h264, 音频编解码器: aac
分类: ☘️湖南频道, 名称: 湖南都市, 有效: 0, IPv4: 9, IPv6: 0, 最小延迟: 1498 ms, 最高速率: 0.41 M/s, 平均速率: 0.00 M/s, 最高分辨率: 1920x1080, 平均帧率: 37.50, 视频编解码器: h264, 音频编解码器: aac
分类: ☘️湖南频道, 名称: 湖南爱晚, 有效: 0, IPv4: 5, IPv6: 0, 最小延迟: 1339 ms, 最高速率: 0.30 M/s, 平均速率: 0.00 M/s, 最高分辨率: 640x360, 平均帧率: 25.00, 视频编解码器: h264, 音频编解码器: aac
分类: ☘️湖南频道, 名称: 金鹰纪实, 有效: 5, IPv4: 35, IPv6: 0, 最小延迟: 111 ms, 最高速率: 109.32 M/s, 平均速率: 37.17 M/s, 最高分辨率: 1920x1080, 平均帧率: 未知, 视频编解码器: 未知, 音频编解码器: 未知
分类: ☘️湖南频道, 名称: 湖南国际, 有效: 0, IPv4: 6, IPv6: 0, 最小延迟: 1550 ms, 最高速率: 0.48 M/s, 平均速率: 0.00 M/s, 最高分辨率: 1920x1080, 平均帧率: 25.00, 视频编解码器: h264, 音频编解码器: aac
分类: ☘️湖南频道, 名称: 茶频道, 有效: 0, IPv4: 3, IPv6: 0, 最小延迟: -1 ms, 最高速率: 0.00 M/s, 平均速率: 0.00 M/s, 最高分辨率: None, 平均帧率: 未知, 视频编解码器: 未知, 音频编解码器: 未知
分类: ☘️湖南频道, 名称: 快乐垂钓, 有效: 4, IPv4: 39, IPv6: 0, 最小延迟: 647 ms, 最高速率: 14.38 M/s, 平均速率: 7.35 M/s, 最高分辨率: 1920x1080, 平均帧率: 25.00, 视频编解码器: h264, 音频编解码器: aac
分类: 🌊港台频道, 名称: 中天新闻台, 有效: 0, IPv4: 1, IPv6: 0, 最小延迟: -1 ms, 最高速率: 0.00 M/s, 平均速率: 0.00 M/s, 最高分辨率: None, 平均帧率: 未知, 视频编解码器: 未知, 音频编解码器: 未知
分类: 🌊港台频道, 名称: 寰宇新闻台, 有效: 0, IPv4: 1, IPv6: 0, 最小延迟: -1 ms, 最高速率: 0.00 M/s, 平均速率: 0.00 M/s, 最高分辨率: None, 平均帧率: 未知, 视频编解码器: 未知, 音频编解码器: 未知
分类: 🌊港台频道, 名称: 无线新闻台, 有效: 0, IPv4: 41, IPv6: 0, 最小延迟: 46 ms, 最高速率: 3.72 M/s, 平均速率: 0.00 M/s, 最高分辨率: 1920x1080, 平均帧率: 30.00, 视频编解码器: h264, 音频编解码器: aac
分类: 🌊港台频道, 名称: 翡翠台, 有效: 4, IPv4: 54, IPv6: 0, 最小延迟: 129 ms, 最高速率: 47.77 M/s, 平均速率: 2.59 M/s, 最高分辨率: 1920x1080, 平均帧率: 34.17, 视频编解码器: h264, 音频编解码器: aac
分类: 🌊港台频道, 名称: TVBS新闻, 有效: 1, IPv4: 18, IPv6: 0, 最小延迟: 889 ms, 最高速率: 3.65 M/s, 平均速率: 3.65 M/s, 最高分辨率: 1920x1080, 平均帧率: 30.00, 视频编解码器: h264, 音频编解码器: aac
